[20240117 23:51:19] DEBUG SpringJUnit4ClassRunner.<init>(SpringJUnit4ClassRunner.java:139) - SpringJUnit4ClassRunner constructor called with [class com.pcwk.ehr.UserControllerTest]
[20240117 23:51:19] DEBUG BootstrapUtils.createCacheAwareContextLoaderDelegate(BootstrapUtils.java:108) - Instantiating CacheAwareContextLoaderDelegate from class [org.springframework.test.context.cache.DefaultCacheAwareContextLoaderDelegate]
[20240117 23:51:19] DEBUG BootstrapUtils.createBootstrapContext(BootstrapUtils.java:88) - Instantiating BootstrapContext using constructor [public org.springframework.test.context.support.DefaultBootstrapContext(java.lang.Class,org.springframework.test.context.CacheAwareContextLoaderDelegate)]
[20240117 23:51:19] DEBUG BootstrapUtils.resolveTestContextBootstrapper(BootstrapUtils.java:143) - Instantiating TestContextBootstrapper for test class [com.pcwk.ehr.UserControllerTest] from class [org.springframework.test.context.web.WebTestContextBootstrapper]
[20240117 23:51:19] DEBUG AbstractDelegatingSmartContextLoader.delegateProcessing(AbstractDelegatingSmartContextLoader.java:264) - Delegating to GenericXmlWebContextLoader to process context configuration [ContextConfigurationAttributes@5fe94a96 declaringClass = 'com.pcwk.ehr.UserControllerTest', classes = '{}', locations = '{file:src/main/webapp/WEB-INF/spring/root-context.xml, file:src/main/webapp/WEB-INF/spring/appServlet/servlet-context.xml}', inheritLocations = true, initializers = '{}', inheritInitializers = true, name = [null], contextLoaderClass = 'org.springframework.test.context.ContextLoader'].
[20240117 23:51:19] DEBUG ActiveProfilesUtils.resolveActiveProfiles(ActiveProfilesUtils.java:80) - Could not find an 'annotation declaring class' for annotation type [org.springframework.test.context.ActiveProfiles] and class [com.pcwk.ehr.UserControllerTest]
[20240117 23:51:19] DEBUG AbstractTestContextBootstrapper.getTestExecutionListeners(AbstractTestContextBootstrapper.java:124) - @TestExecutionListeners is not present for class [com.pcwk.ehr.UserControllerTest]: using defaults.
[20240117 23:51:19] INFO  AbstractTestContextBootstrapper.getDefaultTestExecutionListenerClassNames(AbstractTestContextBootstrapper.java:245) - Loaded default TestExecutionListener class names from location [META-INF/spring.factories]: [org.springframework.test.context.web.ServletTestExecutionListener, org.springframework.test.context.support.DirtiesContextBeforeModesTestExecutionListener, org.springframework.test.context.event.ApplicationEventsTestExecutionListener, org.springframework.test.context.support.DependencyInjectionTestExecutionListener, org.springframework.test.context.support.DirtiesContextTestExecutionListener, org.springframework.test.context.transaction.TransactionalTestExecutionListener, org.springframework.test.context.jdbc.SqlScriptsTestExecutionListener, org.springframework.test.context.event.EventPublishingTestExecutionListener]
[20240117 23:51:19] INFO  AbstractTestContextBootstrapper.getTestExecutionListeners(AbstractTestContextBootstrapper.java:174) - Using TestExecutionListeners: [org.springframework.test.context.web.ServletTestExecutionListener@7a675056, org.springframework.test.context.support.DirtiesContextBeforeModesTestExecutionListener@d21a74c, org.springframework.test.context.event.ApplicationEventsTestExecutionListener@6e509ffa, org.springframework.test.context.support.DependencyInjectionTestExecutionListener@2898ac89, org.springframework.test.context.support.DirtiesContextTestExecutionListener@683dbc2c, org.springframework.test.context.transaction.TransactionalTestExecutionListener@68267da0, org.springframework.test.context.jdbc.SqlScriptsTestExecutionListener@2638011, org.springframework.test.context.event.EventPublishingTestExecutionListener@6ff29830]
[20240117 23:51:19] DEBUG ProfileValueUtils.retrieveProfileValueSource(ProfileValueUtils.java:70) - Retrieved @ProfileValueSourceConfiguration [null] for test class [com.pcwk.ehr.UserControllerTest]
[20240117 23:51:19] DEBUG ProfileValueUtils.retrieveProfileValueSource(ProfileValueUtils.java:83) - Retrieved ProfileValueSource type [class org.springframework.test.annotation.SystemProfileValueSource] for class [com.pcwk.ehr.UserControllerTest]
[20240117 23:51:19] DEBUG ProfileValueUtils.retrieveProfileValueSource(ProfileValueUtils.java:70) - Retrieved @ProfileValueSourceConfiguration [null] for test class [com.pcwk.ehr.UserControllerTest]
[20240117 23:51:19] DEBUG ProfileValueUtils.retrieveProfileValueSource(ProfileValueUtils.java:83) - Retrieved ProfileValueSource type [class org.springframework.test.annotation.SystemProfileValueSource] for class [com.pcwk.ehr.UserControllerTest]
[20240117 23:51:19] DEBUG ProfileValueUtils.retrieveProfileValueSource(ProfileValueUtils.java:70) - Retrieved @ProfileValueSourceConfiguration [null] for test class [com.pcwk.ehr.UserControllerTest]
[20240117 23:51:19] DEBUG ProfileValueUtils.retrieveProfileValueSource(ProfileValueUtils.java:83) - Retrieved ProfileValueSource type [class org.springframework.test.annotation.SystemProfileValueSource] for class [com.pcwk.ehr.UserControllerTest]
[20240117 23:51:19] DEBUG ProfileValueUtils.retrieveProfileValueSource(ProfileValueUtils.java:70) - Retrieved @ProfileValueSourceConfiguration [null] for test class [com.pcwk.ehr.UserControllerTest]
[20240117 23:51:19] DEBUG ProfileValueUtils.retrieveProfileValueSource(ProfileValueUtils.java:83) - Retrieved ProfileValueSource type [class org.springframework.test.annotation.SystemProfileValueSource] for class [com.pcwk.ehr.UserControllerTest]
[20240117 23:51:19] DEBUG ProfileValueUtils.retrieveProfileValueSource(ProfileValueUtils.java:70) - Retrieved @ProfileValueSourceConfiguration [null] for test class [com.pcwk.ehr.UserControllerTest]
[20240117 23:51:19] DEBUG ProfileValueUtils.retrieveProfileValueSource(ProfileValueUtils.java:83) - Retrieved ProfileValueSource type [class org.springframework.test.annotation.SystemProfileValueSource] for class [com.pcwk.ehr.UserControllerTest]
[20240117 23:51:19] DEBUG ProfileValueUtils.retrieveProfileValueSource(ProfileValueUtils.java:70) - Retrieved @ProfileValueSourceConfiguration [null] for test class [com.pcwk.ehr.UserControllerTest]
[20240117 23:51:19] DEBUG ProfileValueUtils.retrieveProfileValueSource(ProfileValueUtils.java:83) - Retrieved ProfileValueSource type [class org.springframework.test.annotation.SystemProfileValueSource] for class [com.pcwk.ehr.UserControllerTest]
[20240117 23:51:19] DEBUG AbstractDirtiesContextTestExecutionListener.beforeOrAfterTestClass(AbstractDirtiesContextTestExecutionListener.java:143) - Before test class: context [DefaultTestContext@574b560f testClass = UserControllerTest, testInstance = [null], testMethod = [null], testException = [null], mergedContextConfiguration = [WebMergedContextConfiguration@ba54932 testClass = UserControllerTest, locations = '{file:src/main/webapp/WEB-INF/spring/root-context.xml, file:src/main/webapp/WEB-INF/spring/appServlet/servlet-context.xml}', classes = '{}', contextInitializerClasses = '[]', activeProfiles = '{}', propertySourceLocations = '{}', propertySourceProperties = '{}', contextCustomizers = set[[empty]], resourceBasePath = 'src/main/webapp', contextLoader = 'org.springframework.test.context.web.WebDelegatingSmartContextLoader', parent = [null]], attributes = map[[empty]]], class annotated with @DirtiesContext [false] with mode [null].
[20240117 23:51:19] DEBUG ProfileValueUtils.retrieveProfileValueSource(ProfileValueUtils.java:70) - Retrieved @ProfileValueSourceConfiguration [null] for test class [com.pcwk.ehr.UserControllerTest]
[20240117 23:51:19] DEBUG ProfileValueUtils.retrieveProfileValueSource(ProfileValueUtils.java:83) - Retrieved ProfileValueSource type [class org.springframework.test.annotation.SystemProfileValueSource] for class [com.pcwk.ehr.UserControllerTest]
[20240117 23:51:19] DEBUG AbstractDelegatingSmartContextLoader.delegateLoading(AbstractDelegatingSmartContextLoader.java:274) - Delegating to GenericXmlWebContextLoader to load context from [WebMergedContextConfiguration@ba54932 testClass = UserControllerTest, locations = '{file:src/main/webapp/WEB-INF/spring/root-context.xml, file:src/main/webapp/WEB-INF/spring/appServlet/servlet-context.xml}', classes = '{}', contextInitializerClasses = '[]', activeProfiles = '{}', propertySourceLocations = '{}', propertySourceProperties = '{}', contextCustomizers = set[[empty]], resourceBasePath = 'src/main/webapp', contextLoader = 'org.springframework.test.context.web.WebDelegatingSmartContextLoader', parent = [null]].
[20240117 23:51:19] DEBUG AbstractGenericWebContextLoader.loadContext(AbstractGenericWebContextLoader.java:111) - Loading WebApplicationContext for merged context configuration [WebMergedContextConfiguration@ba54932 testClass = UserControllerTest, locations = '{file:src/main/webapp/WEB-INF/spring/root-context.xml, file:src/main/webapp/WEB-INF/spring/appServlet/servlet-context.xml}', classes = '{}', contextInitializerClasses = '[]', activeProfiles = '{}', propertySourceLocations = '{}', propertySourceProperties = '{}', contextCustomizers = set[[empty]], resourceBasePath = 'src/main/webapp', contextLoader = 'org.springframework.test.context.web.WebDelegatingSmartContextLoader', parent = [null]].
[20240117 23:51:19] DEBUG AbstractEnvironment.setActiveProfiles(AbstractEnvironment.java:302) - Activating profiles []
[20240117 23:51:19] DEBUG XmlBeanDefinitionReader.doLoadBeanDefinitions(XmlBeanDefinitionReader.java:393) - Loaded 12 bean definitions from URL [file:src/main/webapp/WEB-INF/spring/root-context.xml]
[20240117 23:51:19] DEBUG ClassPathScanningCandidateComponentProvider.scanCandidateComponents(ClassPathScanningCandidateComponentProvider.java:435) - Identified candidate component class: file [D:\Code\0907\03.WEB\03_05_SPRING\WORKSPACE\PrefectProject\target\classes\com\pcwk\ehr\board\dao\BoardDaoImpl.class]
[20240117 23:51:19] DEBUG ClassPathScanningCandidateComponentProvider.scanCandidateComponents(ClassPathScanningCandidateComponentProvider.java:435) - Identified candidate component class: file [D:\Code\0907\03.WEB\03_05_SPRING\WORKSPACE\PrefectProject\target\classes\com\pcwk\ehr\code\dao\CodeDaoImpl.class]
[20240117 23:51:19] DEBUG ClassPathScanningCandidateComponentProvider.scanCandidateComponents(ClassPathScanningCandidateComponentProvider.java:435) - Identified candidate component class: file [D:\Code\0907\03.WEB\03_05_SPRING\WORKSPACE\PrefectProject\target\classes\com\pcwk\ehr\code\service\CodeServiceImpl.class]
[20240117 23:51:19] DEBUG ClassPathScanningCandidateComponentProvider.scanCandidateComponents(ClassPathScanningCandidateComponentProvider.java:435) - Identified candidate component class: file [D:\Code\0907\03.WEB\03_05_SPRING\WORKSPACE\PrefectProject\target\classes\com\pcwk\ehr\file\controller\AttachFileController.class]
[20240117 23:51:19] DEBUG ClassPathScanningCandidateComponentProvider.scanCandidateComponents(ClassPathScanningCandidateComponentProvider.java:435) - Identified candidate component class: file [D:\Code\0907\03.WEB\03_05_SPRING\WORKSPACE\PrefectProject\target\classes\com\pcwk\ehr\file\dao\AttachFileDaoImpl.class]
[20240117 23:51:19] DEBUG ClassPathScanningCandidateComponentProvider.scanCandidateComponents(ClassPathScanningCandidateComponentProvider.java:435) - Identified candidate component class: file [D:\Code\0907\03.WEB\03_05_SPRING\WORKSPACE\PrefectProject\target\classes\com\pcwk\ehr\file\service\AttachFileServiceImpl.class]
[20240117 23:51:19] DEBUG ClassPathScanningCandidateComponentProvider.scanCandidateComponents(ClassPathScanningCandidateComponentProvider.java:435) - Identified candidate component class: file [D:\Code\0907\03.WEB\03_05_SPRING\WORKSPACE\PrefectProject\target\classes\com\pcwk\ehr\main\controller\MainController.class]
[20240117 23:51:19] DEBUG ClassPathScanningCandidateComponentProvider.scanCandidateComponents(ClassPathScanningCandidateComponentProvider.java:435) - Identified candidate component class: file [D:\Code\0907\03.WEB\03_05_SPRING\WORKSPACE\PrefectProject\target\classes\com\pcwk\ehr\user\controller\UserController.class]
[20240117 23:51:19] DEBUG ClassPathScanningCandidateComponentProvider.scanCandidateComponents(ClassPathScanningCandidateComponentProvider.java:435) - Identified candidate component class: file [D:\Code\0907\03.WEB\03_05_SPRING\WORKSPACE\PrefectProject\target\classes\com\pcwk\ehr\user\dao\UserDaoImpl.class]
[20240117 23:51:19] DEBUG ClassPathScanningCandidateComponentProvider.scanCandidateComponents(ClassPathScanningCandidateComponentProvider.java:435) - Identified candidate component class: file [D:\Code\0907\03.WEB\03_05_SPRING\WORKSPACE\PrefectProject\target\classes\com\pcwk\ehr\user\service\UserServiceImpl.class]
[20240117 23:51:19] DEBUG XmlBeanDefinitionReader.doLoadBeanDefinitions(XmlBeanDefinitionReader.java:393) - Loaded 40 bean definitions from URL [file:src/main/webapp/WEB-INF/spring/appServlet/servlet-context.xml]
[20240117 23:51:19] DEBUG DefaultSingletonBeanRegistry.getSingleton(DefaultSingletonBeanRegistry.java:225) - Creating shared instance of singleton bean 'org.springframework.context.annotation.internalConfigurationAnnotationProcessor'
[20240117 23:51:19] DEBUG DefaultSingletonBeanRegistry.getSingleton(DefaultSingletonBeanRegistry.java:225) - Creating shared instance of singleton bean 'org.springframework.context.support.PropertySourcesPlaceholderConfigurer#0'
[20240117 23:51:19] DEBUG PropertySourcesPropertyResolver.logKeyFound(PropertySourcesPropertyResolver.java:115) - Found key 'jdbc.driverClassName' in PropertySource 'localProperties' with value of type String
[20240117 23:51:19] DEBUG PropertySourcesPropertyResolver.logKeyFound(PropertySourcesPropertyResolver.java:115) - Found key 'jdbc.url' in PropertySource 'localProperties' with value of type String
[20240117 23:51:19] DEBUG PropertySourcesPropertyResolver.logKeyFound(PropertySourcesPropertyResolver.java:115) - Found key 'jdbc.username' in PropertySource 'localProperties' with value of type String
[20240117 23:51:19] DEBUG PropertySourcesPropertyResolver.logKeyFound(PropertySourcesPropertyResolver.java:115) - Found key 'jdbc.password' in PropertySource 'localProperties' with value of type String
[20240117 23:51:19] DEBUG PropertySourcesPropertyResolver.logKeyFound(PropertySourcesPropertyResolver.java:115) - Found key 'jdbc.maxActive' in PropertySource 'localProperties' with value of type String
[20240117 23:51:19] DEBUG PropertySourcesPropertyResolver.logKeyFound(PropertySourcesPropertyResolver.java:115) - Found key 'jdbc.maxIdle' in PropertySource 'localProperties' with value of type String
[20240117 23:51:19] DEBUG PropertySourcesPropertyResolver.logKeyFound(PropertySourcesPropertyResolver.java:115) - Found key 'jdbc.maxWait' in PropertySource 'localProperties' with value of type String
[20240117 23:51:19] DEBUG PropertySourcesPropertyResolver.logKeyFound(PropertySourcesPropertyResolver.java:115) - Found key 'jdbc.removeAbandoned' in PropertySource 'localProperties' with value of type String
[20240117 23:51:19] DEBUG PropertySourcesPropertyResolver.logKeyFound(PropertySourcesPropertyResolver.java:115) - Found key 'jdbc.removeAbandonedTimeout' in PropertySource 'localProperties' with value of type String
[20240117 23:51:19] DEBUG DefaultSingletonBeanRegistry.getSingleton(DefaultSingletonBeanRegistry.java:225) - Creating shared instance of singleton bean 'org.springframework.context.event.internalEventListenerProcessor'
[20240117 23:51:19] DEBUG DefaultSingletonBeanRegistry.getSingleton(DefaultSingletonBeanRegistry.java:225) - Creating shared instance of singleton bean 'org.springframework.context.event.internalEventListenerFactory'
[20240117 23:51:19] DEBUG DefaultSingletonBeanRegistry.getSingleton(DefaultSingletonBeanRegistry.java:225) - Creating shared instance of singleton bean 'org.springframework.context.annotation.internalAutowiredAnnotationProcessor'
[20240117 23:51:19] DEBUG DefaultSingletonBeanRegistry.getSingleton(DefaultSingletonBeanRegistry.java:225) - Creating shared instance of singleton bean 'org.springframework.context.annotation.internalCommonAnnotationProcessor'
[20240117 23:51:19] DEBUG DefaultSingletonBeanRegistry.getSingleton(DefaultSingletonBeanRegistry.java:225) - Creating shared instance of singleton bean 'org.springframework.aop.config.internalAutoProxyCreator'
[20240117 23:51:19] DEBUG UiApplicationContextUtils.initThemeSource(UiApplicationContextUtils.java:85) - Unable to locate ThemeSource with name 'themeSource': using default [org.springframework.ui.context.support.ResourceBundleThemeSource@2d6764b2]
[20240117 23:51:19] DEBUG DefaultSingletonBeanRegistry.getSingleton(DefaultSingletonBeanRegistry.java:225) - Creating shared instance of singleton bean 'multipartResolver'
[20240117 23:51:19] DEBUG DefaultSingletonBeanRegistry.getSingleton(DefaultSingletonBeanRegistry.java:225) - Creating shared instance of singleton bean 'org.springframework.aop.support.DefaultBeanFactoryPointcutAdvisor#0'
[20240117 23:51:19] DEBUG DefaultSingletonBeanRegistry.getSingleton(DefaultSingletonBeanRegistry.java:225) - Creating shared instance of singleton bean 'exceptionResolver'
[20240117 23:51:19] DEBUG DefaultSingletonBeanRegistry.getSingleton(DefaultSingletonBeanRegistry.java:225) - Creating shared instance of singleton bean 'sqlSessionTemplate'
[20240117 23:51:19] DEBUG DefaultSingletonBeanRegistry.getSingleton(DefaultSingletonBeanRegistry.java:225) - Creating shared instance of singleton bean 'sqlSessionFactoryBean'
[20240117 23:51:19] DEBUG DefaultSingletonBeanRegistry.getSingleton(DefaultSingletonBeanRegistry.java:225) - Creating shared instance of singleton bean 'dataSource'
[20240117 23:51:19] DEBUG Log4j2SpyLogDelegator.debug(Log4j2SpyLogDelegator.java:372) - log4jdbc-logj2 properties initialization...
[20240117 23:51:19] DEBUG Log4j2SpyLogDelegator.debug(Log4j2SpyLogDelegator.java:372) - Using logger: null
[20240117 23:51:19] DEBUG Log4j2SpyLogDelegator.debug(Log4j2SpyLogDelegator.java:372) - x log4jdbc.debug.stack.prefix is not defined
[20240117 23:51:19] DEBUG Log4j2SpyLogDelegator.debug(Log4j2SpyLogDelegator.java:372) - x log4jdbc.sqltiming.warn.threshold is not defined
[20240117 23:51:19] DEBUG Log4j2SpyLogDelegator.debug(Log4j2SpyLogDelegator.java:372) - x log4jdbc.sqltiming.error.threshold is not defined
[20240117 23:51:19] DEBUG Log4j2SpyLogDelegator.debug(Log4j2SpyLogDelegator.java:372) - x log4jdbc.dump.booleanastruefalse is not defined (using default value false)
[20240117 23:51:19] DEBUG Log4j2SpyLogDelegator.debug(Log4j2SpyLogDelegator.java:372) - x log4jdbc.dump.sql.maxlinelength is not defined (using default of 90)
[20240117 23:51:19] DEBUG Log4j2SpyLogDelegator.debug(Log4j2SpyLogDelegator.java:372) - x log4jdbc.dump.fulldebugstacktrace is not defined (using default value false)
[20240117 23:51:19] DEBUG Log4j2SpyLogDelegator.debug(Log4j2SpyLogDelegator.java:372) - x log4jdbc.statement.warn is not defined (using default value false)
[20240117 23:51:19] DEBUG Log4j2SpyLogDelegator.debug(Log4j2SpyLogDelegator.java:372) - x log4jdbc.dump.sql.select is not defined (using default value true)
[20240117 23:51:19] DEBUG Log4j2SpyLogDelegator.debug(Log4j2SpyLogDelegator.java:372) - x log4jdbc.dump.sql.insert is not defined (using default value true)
[20240117 23:51:19] DEBUG Log4j2SpyLogDelegator.debug(Log4j2SpyLogDelegator.java:372) - x log4jdbc.dump.sql.update is not defined (using default value true)
[20240117 23:51:19] DEBUG Log4j2SpyLogDelegator.debug(Log4j2SpyLogDelegator.java:372) - x log4jdbc.dump.sql.delete is not defined (using default value true)
[20240117 23:51:19] DEBUG Log4j2SpyLogDelegator.debug(Log4j2SpyLogDelegator.java:372) - x log4jdbc.dump.sql.create is not defined (using default value true)
[20240117 23:51:19] DEBUG Log4j2SpyLogDelegator.debug(Log4j2SpyLogDelegator.java:372) - x log4jdbc.dump.sql.addsemicolon is not defined (using default value false)
[20240117 23:51:19] DEBUG Log4j2SpyLogDelegator.debug(Log4j2SpyLogDelegator.java:372) - x log4jdbc.auto.load.popular.drivers is not defined (using default value true)
[20240117 23:51:19] DEBUG Log4j2SpyLogDelegator.debug(Log4j2SpyLogDelegator.java:372) - x log4jdbc.drivers is not defined
[20240117 23:51:19] DEBUG Log4j2SpyLogDelegator.debug(Log4j2SpyLogDelegator.java:372) - x log4jdbc.trim.sql is not defined (using default value true)
[20240117 23:51:19] DEBUG Log4j2SpyLogDelegator.debug(Log4j2SpyLogDelegator.java:372) - x log4jdbc.trim.sql.extrablanklines is not defined (using default value true)
[20240117 23:51:19] DEBUG Log4j2SpyLogDelegator.debug(Log4j2SpyLogDelegator.java:372) - x log4jdbc.suppress.generated.keys.exception is not defined (using default value false)
[20240117 23:51:19] DEBUG Log4j2SpyLogDelegator.debug(Log4j2SpyLogDelegator.java:372) - log4jdbc-logj2 properties initialization done.
[20240117 23:51:19] DEBUG Log4j2SpyLogDelegator.debug(Log4j2SpyLogDelegator.java:372) - DriverSpy intialization...
[20240117 23:51:19] DEBUG Log4j2SpyLogDelegator.debug(Log4j2SpyLogDelegator.java:372) -   FOUND DRIVER oracle.jdbc.OracleDriver
[20240117 23:51:19] DEBUG Log4j2SpyLogDelegator.debug(Log4j2SpyLogDelegator.java:372) -   FOUND DRIVER oracle.jdbc.driver.OracleDriver
[20240117 23:51:19] DEBUG Log4j2SpyLogDelegator.debug(Log4j2SpyLogDelegator.java:372) - DriverSpy intialization done.
[20240117 23:51:20] DEBUG LogFactory.setImplementation(LogFactory.java:109) - Logging initialized using 'class org.apache.ibatis.logging.log4j2.Log4j2Impl' adapter.
[20240117 23:51:20] DEBUG DefaultSingletonBeanRegistry.getSingleton(DefaultSingletonBeanRegistry.java:225) - Creating shared instance of singleton bean 'txAdvice'
[20240117 23:51:20] DEBUG DefaultSingletonBeanRegistry.getSingleton(DefaultSingletonBeanRegistry.java:225) - Creating shared instance of singleton bean 'transactionManager'
[20240117 23:51:20] DEBUG NameMatchTransactionAttributeSource.addTransactionalMethod(NameMatchTransactionAttributeSource.java:102) - Adding transactional method [do*] with attribute [PROPAGATION_REQUIRED,ISOLATION_DEFAULT,readOnly]
[20240117 23:51:20] DEBUG NameMatchTransactionAttributeSource.addTransactionalMethod(NameMatchTransactionAttributeSource.java:102) - Adding transactional method [up*] with attribute [PROPAGATION_REQUIRED,ISOLATION_DEFAULT,-Excetion]
[20240117 23:51:20] DEBUG DefaultSingletonBeanRegistry.getSingleton(DefaultSingletonBeanRegistry.java:225) - Creating shared instance of singleton bean 'mailSenderImpl'
[20240117 23:51:20] DEBUG DefaultSingletonBeanRegistry.getSingleton(DefaultSingletonBeanRegistry.java:225) - Creating shared instance of singleton bean 'mvcContentNegotiationManager'
[20240117 23:51:20] DEBUG DefaultSingletonBeanRegistry.getSingleton(DefaultSingletonBeanRegistry.java:225) - Creating shared instance of singleton bean 'org.springframework.web.servlet.mvc.method.annotation.RequestMappingHandlerMapping'
[20240117 23:51:20] DEBUG DefaultSingletonBeanRegistry.getSingleton(DefaultSingletonBeanRegistry.java:225) - Creating shared instance of singleton bean 'mvcCorsConfigurations'
[20240117 23:51:20] DEBUG DefaultSingletonBeanRegistry.getSingleton(DefaultSingletonBeanRegistry.java:225) - Creating shared instance of singleton bean 'org.springframework.web.servlet.handler.MappedInterceptor#0'
[20240117 23:51:20] DEBUG DefaultSingletonBeanRegistry.getSingleton(DefaultSingletonBeanRegistry.java:225) - Creating shared instance of singleton bean 'org.springframework.format.support.FormattingConversionServiceFactoryBean#0'
[20240117 23:51:20] DEBUG DefaultSingletonBeanRegistry.getSingleton(DefaultSingletonBeanRegistry.java:225) - Creating shared instance of singleton bean 'org.springframework.web.servlet.handler.MappedInterceptor#1'
[20240117 23:51:20] DEBUG AbstractHandlerMethodMapping.handlerMethodsInitialized(AbstractHandlerMethodMapping.java:367) - 14 mappings in 'org.springframework.web.servlet.mvc.method.annotation.RequestMappingHandlerMapping'
[20240117 23:51:20] DEBUG DefaultSingletonBeanRegistry.getSingleton(DefaultSingletonBeanRegistry.java:225) - Creating shared instance of singleton bean 'org.springframework.web.servlet.mvc.method.annotation.RequestMappingHandlerAdapter'
[20240117 23:51:20] DEBUG RequestMappingHandlerAdapter.initControllerAdviceCache(RequestMappingHandlerAdapter.java:625) - ControllerAdvice beans: 0 @ModelAttribute, 0 @InitBinder, 1 RequestBodyAdvice, 1 ResponseBodyAdvice
[20240117 23:51:20] DEBUG DefaultSingletonBeanRegistry.getSingleton(DefaultSingletonBeanRegistry.java:225) - Creating shared instance of singleton bean 'mvcUriComponentsContributor'
[20240117 23:51:20] DEBUG RequestMappingHandlerAdapter.initControllerAdviceCache(RequestMappingHandlerAdapter.java:625) - ControllerAdvice beans: 0 @ModelAttribute, 0 @InitBinder, 1 RequestBodyAdvice, 1 ResponseBodyAdvice
[20240117 23:51:20] DEBUG DefaultSingletonBeanRegistry.getSingleton(DefaultSingletonBeanRegistry.java:225) - Creating shared instance of singleton bean 'org.springframework.web.servlet.mvc.method.annotation.ExceptionHandlerExceptionResolver#0'
[20240117 23:51:20] DEBUG ExceptionHandlerExceptionResolver.initExceptionHandlerAdviceCache(ExceptionHandlerExceptionResolver.java:307) - ControllerAdvice beans: 0 @ExceptionHandler, 1 ResponseBodyAdvice
[20240117 23:51:20] DEBUG DefaultSingletonBeanRegistry.getSingleton(DefaultSingletonBeanRegistry.java:225) - Creating shared instance of singleton bean 'org.springframework.web.servlet.mvc.annotation.ResponseStatusExceptionResolver#0'
[20240117 23:51:20] DEBUG DefaultSingletonBeanRegistry.getSingleton(DefaultSingletonBeanRegistry.java:225) - Creating shared instance of singleton bean 'org.springframework.web.servlet.mvc.support.DefaultHandlerExceptionResolver#0'
[20240117 23:51:20] DEBUG DefaultSingletonBeanRegistry.getSingleton(DefaultSingletonBeanRegistry.java:225) - Creating shared instance of singleton bean 'org.springframework.web.servlet.handler.BeanNameUrlHandlerMapping'
[20240117 23:51:20] DEBUG AbstractDetectingUrlHandlerMapping.detectHandlers(AbstractDetectingUrlHandlerMapping.java:86) - 'org.springframework.web.servlet.handler.BeanNameUrlHandlerMapping' {}
[20240117 23:51:20] DEBUG DefaultSingletonBeanRegistry.getSingleton(DefaultSingletonBeanRegistry.java:225) - Creating shared instance of singleton bean 'org.springframework.web.servlet.mvc.HttpRequestHandlerAdapter'
[20240117 23:51:20] DEBUG DefaultSingletonBeanRegistry.getSingleton(DefaultSingletonBeanRegistry.java:225) - Creating shared instance of singleton bean 'org.springframework.web.servlet.mvc.SimpleControllerHandlerAdapter'
[20240117 23:51:20] DEBUG DefaultSingletonBeanRegistry.getSingleton(DefaultSingletonBeanRegistry.java:225) - Creating shared instance of singleton bean 'localeResolver'
[20240117 23:51:20] DEBUG DefaultSingletonBeanRegistry.getSingleton(DefaultSingletonBeanRegistry.java:225) - Creating shared instance of singleton bean 'themeResolver'
[20240117 23:51:20] DEBUG DefaultSingletonBeanRegistry.getSingleton(DefaultSingletonBeanRegistry.java:225) - Creating shared instance of singleton bean 'viewNameTranslator'
[20240117 23:51:20] DEBUG DefaultSingletonBeanRegistry.getSingleton(DefaultSingletonBeanRegistry.java:225) - Creating shared instance of singleton bean 'flashMapManager'
[20240117 23:51:20] DEBUG DefaultSingletonBeanRegistry.getSingleton(DefaultSingletonBeanRegistry.java:225) - Creating shared instance of singleton bean 'mvcResourceUrlProvider'
[20240117 23:51:20] DEBUG DefaultSingletonBeanRegistry.getSingleton(DefaultSingletonBeanRegistry.java:225) - Creating shared instance of singleton bean 'mvcPathMatcher'
[20240117 23:51:20] DEBUG DefaultSingletonBeanRegistry.getSingleton(DefaultSingletonBeanRegistry.java:225) - Creating shared instance of singleton bean 'mvcUrlPathHelper'
[20240117 23:51:20] DEBUG DefaultSingletonBeanRegistry.getSingleton(DefaultSingletonBeanRegistry.java:225) - Creating shared instance of singleton bean 'org.springframework.web.servlet.resource.ResourceHttpRequestHandler#0'
[20240117 23:51:20] DEBUG DefaultSingletonBeanRegistry.getSingleton(DefaultSingletonBeanRegistry.java:225) - Creating shared instance of singleton bean 'org.springframework.web.servlet.handler.SimpleUrlHandlerMapping#0'
[20240117 23:51:20] DEBUG SimpleUrlHandlerMapping.logMappings(SimpleUrlHandlerMapping.java:177) - 'org.springframework.web.servlet.handler.SimpleUrlHandlerMapping#0' {/resources/**=ResourceHttpRequestHandler [ServletContext [/resources/]]}
[20240117 23:51:20] DEBUG DefaultSingletonBeanRegistry.getSingleton(DefaultSingletonBeanRegistry.java:225) - Creating shared instance of singleton bean 'org.springframework.web.servlet.view.InternalResourceViewResolver#0'
[20240117 23:51:20] DEBUG DefaultSingletonBeanRegistry.getSingleton(DefaultSingletonBeanRegistry.java:225) - Creating shared instance of singleton bean 'boardDaoImpl'
[20240117 23:51:20] DEBUG DefaultSingletonBeanRegistry.getSingleton(DefaultSingletonBeanRegistry.java:225) - Creating shared instance of singleton bean 'codeDaoImpl'
[20240117 23:51:20] DEBUG DefaultSingletonBeanRegistry.getSingleton(DefaultSingletonBeanRegistry.java:225) - Creating shared instance of singleton bean 'codeServiceImpl'
[20240117 23:51:20] DEBUG CodeServiceImpl.<init>(CodeServiceImpl.java:21) - ┌───────────────────────────────────┐
[20240117 23:51:20] DEBUG CodeServiceImpl.<init>(CodeServiceImpl.java:22) - │ CodeServiceImpl()                 │
[20240117 23:51:20] DEBUG CodeServiceImpl.<init>(CodeServiceImpl.java:23) - └───────────────────────────────────┘
[20240117 23:51:20] DEBUG DefaultSingletonBeanRegistry.getSingleton(DefaultSingletonBeanRegistry.java:225) - Creating shared instance of singleton bean 'attachFileController'
[20240117 23:51:20] DEBUG AttachFileController.<init>(AttachFileController.java:51) - ┌───────────────────────────────────────────┐
[20240117 23:51:20] DEBUG AttachFileController.<init>(AttachFileController.java:52) - │ FileController                            │
[20240117 23:51:20] DEBUG AttachFileController.<init>(AttachFileController.java:53) - └───────────────────────────────────────────┘
[20240117 23:51:20] DEBUG AttachFileController.<init>(AttachFileController.java:74) - yyyyStr:2024
[20240117 23:51:20] DEBUG AttachFileController.<init>(AttachFileController.java:75) - yyyyStr:01
[20240117 23:51:20] DEBUG AttachFileController.<init>(AttachFileController.java:79) - yyyyMMPath:\2024\01
[20240117 23:51:20] DEBUG DefaultSingletonBeanRegistry.getSingleton(DefaultSingletonBeanRegistry.java:225) - Creating shared instance of singleton bean 'attachFileServiceImpl'
[20240117 23:51:20] DEBUG DefaultSingletonBeanRegistry.getSingleton(DefaultSingletonBeanRegistry.java:225) - Creating shared instance of singleton bean 'attachFileDaoImpl'
[20240117 23:51:20] DEBUG DefaultSingletonBeanRegistry.getSingleton(DefaultSingletonBeanRegistry.java:225) - Creating shared instance of singleton bean 'mainController'
[20240117 23:51:20] DEBUG DefaultSingletonBeanRegistry.getSingleton(DefaultSingletonBeanRegistry.java:225) - Creating shared instance of singleton bean 'userController'
[20240117 23:51:20] DEBUG DefaultSingletonBeanRegistry.getSingleton(DefaultSingletonBeanRegistry.java:225) - Creating shared instance of singleton bean 'userServiceImpl'
[20240117 23:51:20] WARN  AbstractApplicationContext.refresh(AbstractApplicationContext.java:599) - Exception encountered during context initialization - cancelling refresh attempt: org.springframework.beans.factory.UnsatisfiedDependencyException: Error creating bean with name 'userController': Unsatisfied dependency expressed through field 'userService'; nested exception is org.springframework.beans.factory.BeanCreationException: Error creating bean with name 'userServiceImpl': Injection of resource dependencies failed; nested exception is org.springframework.beans.factory.NoSuchBeanDefinitionException: No bean named 'dummyMailSender' available
[20240117 23:51:20] ERROR TestContextManager.prepareTestInstance(TestContextManager.java:252) - Caught exception while allowing TestExecutionListener [org.springframework.test.context.web.ServletTestExecutionListener@7a675056] to prepare test instance [com.pcwk.ehr.UserControllerTest@1356d4d4]
java.lang.IllegalStateException: Failed to load ApplicationContext
	at org.springframework.test.context.cache.DefaultCacheAwareContextLoaderDelegate.loadContext(DefaultCacheAwareContextLoaderDelegate.java:98) ~[spring-test-5.3.31.jar:5.3.31]
	at org.springframework.test.context.support.DefaultTestContext.getApplicationContext(DefaultTestContext.java:124) ~[spring-test-5.3.31.jar:5.3.31]
	at org.springframework.test.context.web.ServletTestExecutionListener.setUpRequestContextIfNecessary(ServletTestExecutionListener.java:190) ~[spring-test-5.3.31.jar:5.3.31]
	at org.springframework.test.context.web.ServletTestExecutionListener.prepareTestInstance(ServletTestExecutionListener.java:132) ~[spring-test-5.3.31.jar:5.3.31]
	at org.springframework.test.context.TestContextManager.prepareTestInstance(TestContextManager.java:248) ~[spring-test-5.3.31.jar:5.3.31]
	at org.springframework.test.context.junit4.SpringJUnit4ClassRunner.createTest(SpringJUnit4ClassRunner.java:227) ~[spring-test-5.3.31.jar:5.3.31]
	at org.springframework.test.context.junit4.SpringJUnit4ClassRunner$1.runReflectiveCall(SpringJUnit4ClassRunner.java:289) ~[spring-test-5.3.31.jar:5.3.31]
	at org.junit.internal.runners.model.ReflectiveCallable.run(ReflectiveCallable.java:12) ~[junit-4.13.1.jar:4.13.1]
	at org.springframework.test.context.junit4.SpringJUnit4ClassRunner.methodBlock(SpringJUnit4ClassRunner.java:291) ~[spring-test-5.3.31.jar:5.3.31]
	at org.springframework.test.context.junit4.SpringJUnit4ClassRunner.runChild(SpringJUnit4ClassRunner.java:246) ~[spring-test-5.3.31.jar:5.3.31]
	at org.springframework.test.context.junit4.SpringJUnit4ClassRunner.runChild(SpringJUnit4ClassRunner.java:97) ~[spring-test-5.3.31.jar:5.3.31]
	at org.junit.runners.ParentRunner$4.run(ParentRunner.java:331) ~[junit-4.13.1.jar:4.13.1]
	at org.junit.runners.ParentRunner$1.schedule(ParentRunner.java:79) ~[junit-4.13.1.jar:4.13.1]
	at org.junit.runners.ParentRunner.runChildren(ParentRunner.java:329) ~[junit-4.13.1.jar:4.13.1]
	at org.junit.runners.ParentRunner.access$100(ParentRunner.java:66) ~[junit-4.13.1.jar:4.13.1]
	at org.junit.runners.ParentRunner$2.evaluate(ParentRunner.java:293) ~[junit-4.13.1.jar:4.13.1]
	at org.springframework.test.context.junit4.statements.RunBeforeTestClassCallbacks.evaluate(RunBeforeTestClassCallbacks.java:61) ~[spring-test-5.3.31.jar:5.3.31]
	at org.springframework.test.context.junit4.statements.RunAfterTestClassCallbacks.evaluate(RunAfterTestClassCallbacks.java:70) ~[spring-test-5.3.31.jar:5.3.31]
	at org.junit.runners.ParentRunner$3.evaluate(ParentRunner.java:306) ~[junit-4.13.1.jar:4.13.1]
	at org.junit.runners.ParentRunner.run(ParentRunner.java:413) ~[junit-4.13.1.jar:4.13.1]
	at org.springframework.test.context.junit4.SpringJUnit4ClassRunner.run(SpringJUnit4ClassRunner.java:190) ~[spring-test-5.3.31.jar:5.3.31]
	at org.eclipse.jdt.internal.junit4.runner.JUnit4TestReference.run(JUnit4TestReference.java:89) ~[.cp/:?]
	at org.eclipse.jdt.internal.junit.runner.TestExecution.run(TestExecution.java:41) ~[.cp/:?]
	at org.eclipse.jdt.internal.junit.runner.RemoteTestRunner.runTests(RemoteTestRunner.java:542) ~[.cp/:?]
	at org.eclipse.jdt.internal.junit.runner.RemoteTestRunner.runTests(RemoteTestRunner.java:770) ~[.cp/:?]
	at org.eclipse.jdt.internal.junit.runner.RemoteTestRunner.run(RemoteTestRunner.java:464) ~[.cp/:?]
	at org.eclipse.jdt.internal.junit.runner.RemoteTestRunner.main(RemoteTestRunner.java:210) ~[.cp/:?]
Caused by: org.springframework.beans.factory.UnsatisfiedDependencyException: Error creating bean with name 'userController': Unsatisfied dependency expressed through field 'userService'; nested exception is org.springframework.beans.factory.BeanCreationException: Error creating bean with name 'userServiceImpl': Injection of resource dependencies failed; nested exception is org.springframework.beans.factory.NoSuchBeanDefinitionException: No bean named 'dummyMailSender' available
	at org.springframework.beans.factory.annotation.AutowiredAnnotationBeanPostProcessor$AutowiredFieldElement.resolveFieldValue(AutowiredAnnotationBeanPostProcessor.java:713) ~[spring-beans-5.3.31.jar:5.3.31]
	at org.springframework.beans.factory.annotation.AutowiredAnnotationBeanPostProcessor$AutowiredFieldElement.inject(AutowiredAnnotationBeanPostProcessor.java:693) ~[spring-beans-5.3.31.jar:5.3.31]
	at org.springframework.beans.factory.annotation.InjectionMetadata.inject(InjectionMetadata.java:119) ~[spring-beans-5.3.31.jar:5.3.31]
	at org.springframework.beans.factory.annotation.AutowiredAnnotationBeanPostProcessor.postProcessProperties(AutowiredAnnotationBeanPostProcessor.java:408) ~[spring-beans-5.3.31.jar:5.3.31]
	at org.springframework.beans.factory.support.AbstractAutowireCapableBeanFactory.populateBean(AbstractAutowireCapableBeanFactory.java:1431) ~[spring-beans-5.3.31.jar:5.3.31]
	at org.springframework.beans.factory.support.AbstractAutowireCapableBeanFactory.doCreateBean(AbstractAutowireCapableBeanFactory.java:619) ~[spring-beans-5.3.31.jar:5.3.31]
	at org.springframework.beans.factory.support.AbstractAutowireCapableBeanFactory.createBean(AbstractAutowireCapableBeanFactory.java:542) ~[spring-beans-5.3.31.jar:5.3.31]
	at org.springframework.beans.factory.support.AbstractBeanFactory.lambda$doGetBean$0(AbstractBeanFactory.java:335) ~[spring-beans-5.3.31.jar:5.3.31]
	at org.springframework.beans.factory.support.DefaultSingletonBeanRegistry.getSingleton(DefaultSingletonBeanRegistry.java:234) ~[spring-beans-5.3.31.jar:5.3.31]
	at org.springframework.beans.factory.support.AbstractBeanFactory.doGetBean(AbstractBeanFactory.java:333) ~[spring-beans-5.3.31.jar:5.3.31]
	at org.springframework.beans.factory.support.AbstractBeanFactory.getBean(AbstractBeanFactory.java:208) ~[spring-beans-5.3.31.jar:5.3.31]
	at org.springframework.beans.factory.support.DefaultListableBeanFactory.preInstantiateSingletons(DefaultListableBeanFactory.java:955) ~[spring-beans-5.3.31.jar:5.3.31]
	at org.springframework.context.support.AbstractApplicationContext.finishBeanFactoryInitialization(AbstractApplicationContext.java:929) ~[spring-context-5.3.31.jar:5.3.31]
	at org.springframework.context.support.AbstractApplicationContext.refresh(AbstractApplicationContext.java:591) ~[spring-context-5.3.31.jar:5.3.31]
	at org.springframework.test.context.web.AbstractGenericWebContextLoader.loadContext(AbstractGenericWebContextLoader.java:129) ~[spring-test-5.3.31.jar:5.3.31]
	at org.springframework.test.context.web.AbstractGenericWebContextLoader.loadContext(AbstractGenericWebContextLoader.java:61) ~[spring-test-5.3.31.jar:5.3.31]
	at org.springframework.test.context.support.AbstractDelegatingSmartContextLoader.delegateLoading(AbstractDelegatingSmartContextLoader.java:276) ~[spring-test-5.3.31.jar:5.3.31]
	at org.springframework.test.context.support.AbstractDelegatingSmartContextLoader.loadContext(AbstractDelegatingSmartContextLoader.java:244) ~[spring-test-5.3.31.jar:5.3.31]
	at org.springframework.test.context.cache.DefaultCacheAwareContextLoaderDelegate.loadContextInternal(DefaultCacheAwareContextLoaderDelegate.java:141) ~[spring-test-5.3.31.jar:5.3.31]
	at org.springframework.test.context.cache.DefaultCacheAwareContextLoaderDelegate.loadContext(DefaultCacheAwareContextLoaderDelegate.java:90) ~[spring-test-5.3.31.jar:5.3.31]
	... 26 more
Caused by: org.springframework.beans.factory.BeanCreationException: Error creating bean with name 'userServiceImpl': Injection of resource dependencies failed; nested exception is org.springframework.beans.factory.NoSuchBeanDefinitionException: No bean named 'dummyMailSender' available
	at org.springframework.context.annotation.CommonAnnotationBeanPostProcessor.postProcessProperties(CommonAnnotationBeanPostProcessor.java:332) ~[spring-context-5.3.31.jar:5.3.31]
	at org.springframework.beans.factory.support.AbstractAutowireCapableBeanFactory.populateBean(AbstractAutowireCapableBeanFactory.java:1431) ~[spring-beans-5.3.31.jar:5.3.31]
	at org.springframework.beans.factory.support.AbstractAutowireCapableBeanFactory.doCreateBean(AbstractAutowireCapableBeanFactory.java:619) ~[spring-beans-5.3.31.jar:5.3.31]
	at org.springframework.beans.factory.support.AbstractAutowireCapableBeanFactory.createBean(AbstractAutowireCapableBeanFactory.java:542) ~[spring-beans-5.3.31.jar:5.3.31]
	at org.springframework.beans.factory.support.AbstractBeanFactory.lambda$doGetBean$0(AbstractBeanFactory.java:335) ~[spring-beans-5.3.31.jar:5.3.31]
	at org.springframework.beans.factory.support.DefaultSingletonBeanRegistry.getSingleton(DefaultSingletonBeanRegistry.java:234) ~[spring-beans-5.3.31.jar:5.3.31]
	at org.springframework.beans.factory.support.AbstractBeanFactory.doGetBean(AbstractBeanFactory.java:333) ~[spring-beans-5.3.31.jar:5.3.31]
	at org.springframework.beans.factory.support.AbstractBeanFactory.getBean(AbstractBeanFactory.java:208) ~[spring-beans-5.3.31.jar:5.3.31]
	at org.springframework.beans.factory.config.DependencyDescriptor.resolveCandidate(DependencyDescriptor.java:276) ~[spring-beans-5.3.31.jar:5.3.31]
	at org.springframework.beans.factory.support.DefaultListableBeanFactory.doResolveDependency(DefaultListableBeanFactory.java:1391) ~[spring-beans-5.3.31.jar:5.3.31]
	at org.springframework.beans.factory.support.DefaultListableBeanFactory.resolveDependency(DefaultListableBeanFactory.java:1311) ~[spring-beans-5.3.31.jar:5.3.31]
	at org.springframework.beans.factory.annotation.AutowiredAnnotationBeanPostProcessor$AutowiredFieldElement.resolveFieldValue(AutowiredAnnotationBeanPostProcessor.java:710) ~[spring-beans-5.3.31.jar:5.3.31]
	at org.springframework.beans.factory.annotation.AutowiredAnnotationBeanPostProcessor$AutowiredFieldElement.inject(AutowiredAnnotationBeanPostProcessor.java:693) ~[spring-beans-5.3.31.jar:5.3.31]
	at org.springframework.beans.factory.annotation.InjectionMetadata.inject(InjectionMetadata.java:119) ~[spring-beans-5.3.31.jar:5.3.31]
	at org.springframework.beans.factory.annotation.AutowiredAnnotationBeanPostProcessor.postProcessProperties(AutowiredAnnotationBeanPostProcessor.java:408) ~[spring-beans-5.3.31.jar:5.3.31]
	at org.springframework.beans.factory.support.AbstractAutowireCapableBeanFactory.populateBean(AbstractAutowireCapableBeanFactory.java:1431) ~[spring-beans-5.3.31.jar:5.3.31]
	at org.springframework.beans.factory.support.AbstractAutowireCapableBeanFactory.doCreateBean(AbstractAutowireCapableBeanFactory.java:619) ~[spring-beans-5.3.31.jar:5.3.31]
	at org.springframework.beans.factory.support.AbstractAutowireCapableBeanFactory.createBean(AbstractAutowireCapableBeanFactory.java:542) ~[spring-beans-5.3.31.jar:5.3.31]
	at org.springframework.beans.factory.support.AbstractBeanFactory.lambda$doGetBean$0(AbstractBeanFactory.java:335) ~[spring-beans-5.3.31.jar:5.3.31]
	at org.springframework.beans.factory.support.DefaultSingletonBeanRegistry.getSingleton(DefaultSingletonBeanRegistry.java:234) ~[spring-beans-5.3.31.jar:5.3.31]
	at org.springframework.beans.factory.support.AbstractBeanFactory.doGetBean(AbstractBeanFactory.java:333) ~[spring-beans-5.3.31.jar:5.3.31]
	at org.springframework.beans.factory.support.AbstractBeanFactory.getBean(AbstractBeanFactory.java:208) ~[spring-beans-5.3.31.jar:5.3.31]
	at org.springframework.beans.factory.support.DefaultListableBeanFactory.preInstantiateSingletons(DefaultListableBeanFactory.java:955) ~[spring-beans-5.3.31.jar:5.3.31]
	at org.springframework.context.support.AbstractApplicationContext.finishBeanFactoryInitialization(AbstractApplicationContext.java:929) ~[spring-context-5.3.31.jar:5.3.31]
	at org.springframework.context.support.AbstractApplicationContext.refresh(AbstractApplicationContext.java:591) ~[spring-context-5.3.31.jar:5.3.31]
	at org.springframework.test.context.web.AbstractGenericWebContextLoader.loadContext(AbstractGenericWebContextLoader.java:129) ~[spring-test-5.3.31.jar:5.3.31]
	at org.springframework.test.context.web.AbstractGenericWebContextLoader.loadContext(AbstractGenericWebContextLoader.java:61) ~[spring-test-5.3.31.jar:5.3.31]
	at org.springframework.test.context.support.AbstractDelegatingSmartContextLoader.delegateLoading(AbstractDelegatingSmartContextLoader.java:276) ~[spring-test-5.3.31.jar:5.3.31]
	at org.springframework.test.context.support.AbstractDelegatingSmartContextLoader.loadContext(AbstractDelegatingSmartContextLoader.java:244) ~[spring-test-5.3.31.jar:5.3.31]
	at org.springframework.test.context.cache.DefaultCacheAwareContextLoaderDelegate.loadContextInternal(DefaultCacheAwareContextLoaderDelegate.java:141) ~[spring-test-5.3.31.jar:5.3.31]
	at org.springframework.test.context.cache.DefaultCacheAwareContextLoaderDelegate.loadContext(DefaultCacheAwareContextLoaderDelegate.java:90) ~[spring-test-5.3.31.jar:5.3.31]
	... 26 more
Caused by: org.springframework.beans.factory.NoSuchBeanDefinitionException: No bean named 'dummyMailSender' available
	at org.springframework.beans.factory.support.DefaultListableBeanFactory.getBeanDefinition(DefaultListableBeanFactory.java:874) ~[spring-beans-5.3.31.jar:5.3.31]
	at org.springframework.beans.factory.support.AbstractBeanFactory.getMergedLocalBeanDefinition(AbstractBeanFactory.java:1358) ~[spring-beans-5.3.31.jar:5.3.31]
	at org.springframework.beans.factory.support.AbstractBeanFactory.doGetBean(AbstractBeanFactory.java:309) ~[spring-beans-5.3.31.jar:5.3.31]
	at org.springframework.beans.factory.support.AbstractBeanFactory.getBean(AbstractBeanFactory.java:213) ~[spring-beans-5.3.31.jar:5.3.31]
	at org.springframework.beans.factory.support.AbstractAutowireCapableBeanFactory.resolveBeanByName(AbstractAutowireCapableBeanFactory.java:479) ~[spring-beans-5.3.31.jar:5.3.31]
	at org.springframework.context.annotation.CommonAnnotationBeanPostProcessor.autowireResource(CommonAnnotationBeanPostProcessor.java:550) ~[spring-context-5.3.31.jar:5.3.31]
	at org.springframework.context.annotation.CommonAnnotationBeanPostProcessor.getResource(CommonAnnotationBeanPostProcessor.java:520) ~[spring-context-5.3.31.jar:5.3.31]
	at org.springframework.context.annotation.CommonAnnotationBeanPostProcessor$ResourceElement.getResourceToInject(CommonAnnotationBeanPostProcessor.java:673) ~[spring-context-5.3.31.jar:5.3.31]
	at org.springframework.beans.factory.annotation.InjectionMetadata$InjectedElement.inject(InjectionMetadata.java:228) ~[spring-beans-5.3.31.jar:5.3.31]
	at org.springframework.beans.factory.annotation.InjectionMetadata.inject(InjectionMetadata.java:119) ~[spring-beans-5.3.31.jar:5.3.31]
	at org.springframework.context.annotation.CommonAnnotationBeanPostProcessor.postProcessProperties(CommonAnnotationBeanPostProcessor.java:329) ~[spring-context-5.3.31.jar:5.3.31]
	at org.springframework.beans.factory.support.AbstractAutowireCapableBeanFactory.populateBean(AbstractAutowireCapableBeanFactory.java:1431) ~[spring-beans-5.3.31.jar:5.3.31]
	at org.springframework.beans.factory.support.AbstractAutowireCapableBeanFactory.doCreateBean(AbstractAutowireCapableBeanFactory.java:619) ~[spring-beans-5.3.31.jar:5.3.31]
	at org.springframework.beans.factory.support.AbstractAutowireCapableBeanFactory.createBean(AbstractAutowireCapableBeanFactory.java:542) ~[spring-beans-5.3.31.jar:5.3.31]
	at org.springframework.beans.factory.support.AbstractBeanFactory.lambda$doGetBean$0(AbstractBeanFactory.java:335) ~[spring-beans-5.3.31.jar:5.3.31]
	at org.springframework.beans.factory.support.DefaultSingletonBeanRegistry.getSingleton(DefaultSingletonBeanRegistry.java:234) ~[spring-beans-5.3.31.jar:5.3.31]
	at org.springframework.beans.factory.support.AbstractBeanFactory.doGetBean(AbstractBeanFactory.java:333) ~[spring-beans-5.3.31.jar:5.3.31]
	at org.springframework.beans.factory.support.AbstractBeanFactory.getBean(AbstractBeanFactory.java:208) ~[spring-beans-5.3.31.jar:5.3.31]
	at org.springframework.beans.factory.config.DependencyDescriptor.resolveCandidate(DependencyDescriptor.java:276) ~[spring-beans-5.3.31.jar:5.3.31]
	at org.springframework.beans.factory.support.DefaultListableBeanFactory.doResolveDependency(DefaultListableBeanFactory.java:1391) ~[spring-beans-5.3.31.jar:5.3.31]
	at org.springframework.beans.factory.support.DefaultListableBeanFactory.resolveDependency(DefaultListableBeanFactory.java:1311) ~[spring-beans-5.3.31.jar:5.3.31]
	at org.springframework.beans.factory.annotation.AutowiredAnnotationBeanPostProcessor$AutowiredFieldElement.resolveFieldValue(AutowiredAnnotationBeanPostProcessor.java:710) ~[spring-beans-5.3.31.jar:5.3.31]
	at org.springframework.beans.factory.annotation.AutowiredAnnotationBeanPostProcessor$AutowiredFieldElement.inject(AutowiredAnnotationBeanPostProcessor.java:693) ~[spring-beans-5.3.31.jar:5.3.31]
	at org.springframework.beans.factory.annotation.InjectionMetadata.inject(InjectionMetadata.java:119) ~[spring-beans-5.3.31.jar:5.3.31]
	at org.springframework.beans.factory.annotation.AutowiredAnnotationBeanPostProcessor.postProcessProperties(AutowiredAnnotationBeanPostProcessor.java:408) ~[spring-beans-5.3.31.jar:5.3.31]
	at org.springframework.beans.factory.support.AbstractAutowireCapableBeanFactory.populateBean(AbstractAutowireCapableBeanFactory.java:1431) ~[spring-beans-5.3.31.jar:5.3.31]
	at org.springframework.beans.factory.support.AbstractAutowireCapableBeanFactory.doCreateBean(AbstractAutowireCapableBeanFactory.java:619) ~[spring-beans-5.3.31.jar:5.3.31]
	at org.springframework.beans.factory.support.AbstractAutowireCapableBeanFactory.createBean(AbstractAutowireCapableBeanFactory.java:542) ~[spring-beans-5.3.31.jar:5.3.31]
	at org.springframework.beans.factory.support.AbstractBeanFactory.lambda$doGetBean$0(AbstractBeanFactory.java:335) ~[spring-beans-5.3.31.jar:5.3.31]
	at org.springframework.beans.factory.support.DefaultSingletonBeanRegistry.getSingleton(DefaultSingletonBeanRegistry.java:234) ~[spring-beans-5.3.31.jar:5.3.31]
	at org.springframework.beans.factory.support.AbstractBeanFactory.doGetBean(AbstractBeanFactory.java:333) ~[spring-beans-5.3.31.jar:5.3.31]
	at org.springframework.beans.factory.support.AbstractBeanFactory.getBean(AbstractBeanFactory.java:208) ~[spring-beans-5.3.31.jar:5.3.31]
	at org.springframework.beans.factory.support.DefaultListableBeanFactory.preInstantiateSingletons(DefaultListableBeanFactory.java:955) ~[spring-beans-5.3.31.jar:5.3.31]
	at org.springframework.context.support.AbstractApplicationContext.finishBeanFactoryInitialization(AbstractApplicationContext.java:929) ~[spring-context-5.3.31.jar:5.3.31]
	at org.springframework.context.support.AbstractApplicationContext.refresh(AbstractApplicationContext.java:591) ~[spring-context-5.3.31.jar:5.3.31]
	at org.springframework.test.context.web.AbstractGenericWebContextLoader.loadContext(AbstractGenericWebContextLoader.java:129) ~[spring-test-5.3.31.jar:5.3.31]
	at org.springframework.test.context.web.AbstractGenericWebContextLoader.loadContext(AbstractGenericWebContextLoader.java:61) ~[spring-test-5.3.31.jar:5.3.31]
	at org.springframework.test.context.support.AbstractDelegatingSmartContextLoader.delegateLoading(AbstractDelegatingSmartContextLoader.java:276) ~[spring-test-5.3.31.jar:5.3.31]
	at org.springframework.test.context.support.AbstractDelegatingSmartContextLoader.loadContext(AbstractDelegatingSmartContextLoader.java:244) ~[spring-test-5.3.31.jar:5.3.31]
	at org.springframework.test.context.cache.DefaultCacheAwareContextLoaderDelegate.loadContextInternal(DefaultCacheAwareContextLoaderDelegate.java:141) ~[spring-test-5.3.31.jar:5.3.31]
	at org.springframework.test.context.cache.DefaultCacheAwareContextLoaderDelegate.loadContext(DefaultCacheAwareContextLoaderDelegate.java:90) ~[spring-test-5.3.31.jar:5.3.31]
	... 26 more
[20240117 23:51:20] DEBUG ProfileValueUtils.retrieveProfileValueSource(ProfileValueUtils.java:70) - Retrieved @ProfileValueSourceConfiguration [null] for test class [com.pcwk.ehr.UserControllerTest]
[20240117 23:51:20] DEBUG ProfileValueUtils.retrieveProfileValueSource(ProfileValueUtils.java:83) - Retrieved ProfileValueSource type [class org.springframework.test.annotation.SystemProfileValueSource] for class [com.pcwk.ehr.UserControllerTest]
[20240117 23:51:20] DEBUG AbstractDelegatingSmartContextLoader.delegateLoading(AbstractDelegatingSmartContextLoader.java:274) - Delegating to GenericXmlWebContextLoader to load context from [WebMergedContextConfiguration@ba54932 testClass = UserControllerTest, locations = '{file:src/main/webapp/WEB-INF/spring/root-context.xml, file:src/main/webapp/WEB-INF/spring/appServlet/servlet-context.xml}', classes = '{}', contextInitializerClasses = '[]', activeProfiles = '{}', propertySourceLocations = '{}', propertySourceProperties = '{}', contextCustomizers = set[[empty]], resourceBasePath = 'src/main/webapp', contextLoader = 'org.springframework.test.context.web.WebDelegatingSmartContextLoader', parent = [null]].
[20240117 23:51:20] DEBUG AbstractGenericWebContextLoader.loadContext(AbstractGenericWebContextLoader.java:111) - Loading WebApplicationContext for merged context configuration [WebMergedContextConfiguration@ba54932 testClass = UserControllerTest, locations = '{file:src/main/webapp/WEB-INF/spring/root-context.xml, file:src/main/webapp/WEB-INF/spring/appServlet/servlet-context.xml}', classes = '{}', contextInitializerClasses = '[]', activeProfiles = '{}', propertySourceLocations = '{}', propertySourceProperties = '{}', contextCustomizers = set[[empty]], resourceBasePath = 'src/main/webapp', contextLoader = 'org.springframework.test.context.web.WebDelegatingSmartContextLoader', parent = [null]].
[20240117 23:51:20] DEBUG AbstractEnvironment.setActiveProfiles(AbstractEnvironment.java:302) - Activating profiles []
[20240117 23:51:20] DEBUG XmlBeanDefinitionReader.doLoadBeanDefinitions(XmlBeanDefinitionReader.java:393) - Loaded 12 bean definitions from URL [file:src/main/webapp/WEB-INF/spring/root-context.xml]
[20240117 23:51:20] DEBUG ClassPathScanningCandidateComponentProvider.scanCandidateComponents(ClassPathScanningCandidateComponentProvider.java:435) - Identified candidate component class: file [D:\Code\0907\03.WEB\03_05_SPRING\WORKSPACE\PrefectProject\target\classes\com\pcwk\ehr\board\dao\BoardDaoImpl.class]
[20240117 23:51:20] DEBUG ClassPathScanningCandidateComponentProvider.scanCandidateComponents(ClassPathScanningCandidateComponentProvider.java:435) - Identified candidate component class: file [D:\Code\0907\03.WEB\03_05_SPRING\WORKSPACE\PrefectProject\target\classes\com\pcwk\ehr\code\dao\CodeDaoImpl.class]
[20240117 23:51:20] DEBUG ClassPathScanningCandidateComponentProvider.scanCandidateComponents(ClassPathScanningCandidateComponentProvider.java:435) - Identified candidate component class: file [D:\Code\0907\03.WEB\03_05_SPRING\WORKSPACE\PrefectProject\target\classes\com\pcwk\ehr\code\service\CodeServiceImpl.class]
[20240117 23:51:20] DEBUG ClassPathScanningCandidateComponentProvider.scanCandidateComponents(ClassPathScanningCandidateComponentProvider.java:435) - Identified candidate component class: file [D:\Code\0907\03.WEB\03_05_SPRING\WORKSPACE\PrefectProject\target\classes\com\pcwk\ehr\file\controller\AttachFileController.class]
[20240117 23:51:20] DEBUG ClassPathScanningCandidateComponentProvider.scanCandidateComponents(ClassPathScanningCandidateComponentProvider.java:435) - Identified candidate component class: file [D:\Code\0907\03.WEB\03_05_SPRING\WORKSPACE\PrefectProject\target\classes\com\pcwk\ehr\file\dao\AttachFileDaoImpl.class]
[20240117 23:51:20] DEBUG ClassPathScanningCandidateComponentProvider.scanCandidateComponents(ClassPathScanningCandidateComponentProvider.java:435) - Identified candidate component class: file [D:\Code\0907\03.WEB\03_05_SPRING\WORKSPACE\PrefectProject\target\classes\com\pcwk\ehr\file\service\AttachFileServiceImpl.class]
[20240117 23:51:20] DEBUG ClassPathScanningCandidateComponentProvider.scanCandidateComponents(ClassPathScanningCandidateComponentProvider.java:435) - Identified candidate component class: file [D:\Code\0907\03.WEB\03_05_SPRING\WORKSPACE\PrefectProject\target\classes\com\pcwk\ehr\main\controller\MainController.class]
[20240117 23:51:20] DEBUG ClassPathScanningCandidateComponentProvider.scanCandidateComponents(ClassPathScanningCandidateComponentProvider.java:435) - Identified candidate component class: file [D:\Code\0907\03.WEB\03_05_SPRING\WORKSPACE\PrefectProject\target\classes\com\pcwk\ehr\user\controller\UserController.class]
[20240117 23:51:20] DEBUG ClassPathScanningCandidateComponentProvider.scanCandidateComponents(ClassPathScanningCandidateComponentProvider.java:435) - Identified candidate component class: file [D:\Code\0907\03.WEB\03_05_SPRING\WORKSPACE\PrefectProject\target\classes\com\pcwk\ehr\user\dao\UserDaoImpl.class]
[20240117 23:51:20] DEBUG ClassPathScanningCandidateComponentProvider.scanCandidateComponents(ClassPathScanningCandidateComponentProvider.java:435) - Identified candidate component class: file [D:\Code\0907\03.WEB\03_05_SPRING\WORKSPACE\PrefectProject\target\classes\com\pcwk\ehr\user\service\UserServiceImpl.class]
[20240117 23:51:20] DEBUG XmlBeanDefinitionReader.doLoadBeanDefinitions(XmlBeanDefinitionReader.java:393) - Loaded 40 bean definitions from URL [file:src/main/webapp/WEB-INF/spring/appServlet/servlet-context.xml]
[20240117 23:51:20] DEBUG DefaultSingletonBeanRegistry.getSingleton(DefaultSingletonBeanRegistry.java:225) - Creating shared instance of singleton bean 'org.springframework.context.annotation.internalConfigurationAnnotationProcessor'
[20240117 23:51:20] DEBUG DefaultSingletonBeanRegistry.getSingleton(DefaultSingletonBeanRegistry.java:225) - Creating shared instance of singleton bean 'org.springframework.context.support.PropertySourcesPlaceholderConfigurer#0'
[20240117 23:51:20] DEBUG PropertySourcesPropertyResolver.logKeyFound(PropertySourcesPropertyResolver.java:115) - Found key 'jdbc.driverClassName' in PropertySource 'localProperties' with value of type String
[20240117 23:51:20] DEBUG PropertySourcesPropertyResolver.logKeyFound(PropertySourcesPropertyResolver.java:115) - Found key 'jdbc.url' in PropertySource 'localProperties' with value of type String
[20240117 23:51:20] DEBUG PropertySourcesPropertyResolver.logKeyFound(PropertySourcesPropertyResolver.java:115) - Found key 'jdbc.username' in PropertySource 'localProperties' with value of type String
[20240117 23:51:20] DEBUG PropertySourcesPropertyResolver.logKeyFound(PropertySourcesPropertyResolver.java:115) - Found key 'jdbc.password' in PropertySource 'localProperties' with value of type String
[20240117 23:51:20] DEBUG PropertySourcesPropertyResolver.logKeyFound(PropertySourcesPropertyResolver.java:115) - Found key 'jdbc.maxActive' in PropertySource 'localProperties' with value of type String
[20240117 23:51:20] DEBUG PropertySourcesPropertyResolver.logKeyFound(PropertySourcesPropertyResolver.java:115) - Found key 'jdbc.maxIdle' in PropertySource 'localProperties' with value of type String
[20240117 23:51:20] DEBUG PropertySourcesPropertyResolver.logKeyFound(PropertySourcesPropertyResolver.java:115) - Found key 'jdbc.maxWait' in PropertySource 'localProperties' with value of type String
[20240117 23:51:20] DEBUG PropertySourcesPropertyResolver.logKeyFound(PropertySourcesPropertyResolver.java:115) - Found key 'jdbc.removeAbandoned' in PropertySource 'localProperties' with value of type String
[20240117 23:51:20] DEBUG PropertySourcesPropertyResolver.logKeyFound(PropertySourcesPropertyResolver.java:115) - Found key 'jdbc.removeAbandonedTimeout' in PropertySource 'localProperties' with value of type String
[20240117 23:51:20] DEBUG DefaultSingletonBeanRegistry.getSingleton(DefaultSingletonBeanRegistry.java:225) - Creating shared instance of singleton bean 'org.springframework.context.event.internalEventListenerProcessor'
[20240117 23:51:20] DEBUG DefaultSingletonBeanRegistry.getSingleton(DefaultSingletonBeanRegistry.java:225) - Creating shared instance of singleton bean 'org.springframework.context.event.internalEventListenerFactory'
[20240117 23:51:20] DEBUG DefaultSingletonBeanRegistry.getSingleton(DefaultSingletonBeanRegistry.java:225) - Creating shared instance of singleton bean 'org.springframework.context.annotation.internalAutowiredAnnotationProcessor'
[20240117 23:51:20] DEBUG DefaultSingletonBeanRegistry.getSingleton(DefaultSingletonBeanRegistry.java:225) - Creating shared instance of singleton bean 'org.springframework.context.annotation.internalCommonAnnotationProcessor'
[20240117 23:51:20] DEBUG DefaultSingletonBeanRegistry.getSingleton(DefaultSingletonBeanRegistry.java:225) - Creating shared instance of singleton bean 'org.springframework.aop.config.internalAutoProxyCreator'
[20240117 23:51:20] DEBUG UiApplicationContextUtils.initThemeSource(UiApplicationContextUtils.java:85) - Unable to locate ThemeSource with name 'themeSource': using default [org.springframework.ui.context.support.ResourceBundleThemeSource@26a4551a]
[20240117 23:51:20] DEBUG DefaultSingletonBeanRegistry.getSingleton(DefaultSingletonBeanRegistry.java:225) - Creating shared instance of singleton bean 'multipartResolver'
[20240117 23:51:20] DEBUG DefaultSingletonBeanRegistry.getSingleton(DefaultSingletonBeanRegistry.java:225) - Creating shared instance of singleton bean 'org.springframework.aop.support.DefaultBeanFactoryPointcutAdvisor#0'
[20240117 23:51:20] DEBUG DefaultSingletonBeanRegistry.getSingleton(DefaultSingletonBeanRegistry.java:225) - Creating shared instance of singleton bean 'exceptionResolver'
[20240117 23:51:20] DEBUG DefaultSingletonBeanRegistry.getSingleton(DefaultSingletonBeanRegistry.java:225) - Creating shared instance of singleton bean 'sqlSessionTemplate'
[20240117 23:51:20] DEBUG DefaultSingletonBeanRegistry.getSingleton(DefaultSingletonBeanRegistry.java:225) - Creating shared instance of singleton bean 'sqlSessionFactoryBean'
[20240117 23:51:20] DEBUG DefaultSingletonBeanRegistry.getSingleton(DefaultSingletonBeanRegistry.java:225) - Creating shared instance of singleton bean 'dataSource'
[20240117 23:51:20] DEBUG LogFactory.setImplementation(LogFactory.java:109) - Logging initialized using 'class org.apache.ibatis.logging.log4j2.Log4j2Impl' adapter.
[20240117 23:51:20] DEBUG DefaultSingletonBeanRegistry.getSingleton(DefaultSingletonBeanRegistry.java:225) - Creating shared instance of singleton bean 'txAdvice'
[20240117 23:51:20] DEBUG DefaultSingletonBeanRegistry.getSingleton(DefaultSingletonBeanRegistry.java:225) - Creating shared instance of singleton bean 'transactionManager'
[20240117 23:51:20] DEBUG NameMatchTransactionAttributeSource.addTransactionalMethod(NameMatchTransactionAttributeSource.java:102) - Adding transactional method [do*] with attribute [PROPAGATION_REQUIRED,ISOLATION_DEFAULT,readOnly]
[20240117 23:51:20] DEBUG NameMatchTransactionAttributeSource.addTransactionalMethod(NameMatchTransactionAttributeSource.java:102) - Adding transactional method [up*] with attribute [PROPAGATION_REQUIRED,ISOLATION_DEFAULT,-Excetion]
[20240117 23:51:20] DEBUG DefaultSingletonBeanRegistry.getSingleton(DefaultSingletonBeanRegistry.java:225) - Creating shared instance of singleton bean 'mailSenderImpl'
[20240117 23:51:20] DEBUG DefaultSingletonBeanRegistry.getSingleton(DefaultSingletonBeanRegistry.java:225) - Creating shared instance of singleton bean 'mvcContentNegotiationManager'
[20240117 23:51:20] DEBUG DefaultSingletonBeanRegistry.getSingleton(DefaultSingletonBeanRegistry.java:225) - Creating shared instance of singleton bean 'org.springframework.web.servlet.mvc.method.annotation.RequestMappingHandlerMapping'
[20240117 23:51:20] DEBUG DefaultSingletonBeanRegistry.getSingleton(DefaultSingletonBeanRegistry.java:225) - Creating shared instance of singleton bean 'mvcCorsConfigurations'
[20240117 23:51:20] DEBUG DefaultSingletonBeanRegistry.getSingleton(DefaultSingletonBeanRegistry.java:225) - Creating shared instance of singleton bean 'org.springframework.web.servlet.handler.MappedInterceptor#0'
[20240117 23:51:20] DEBUG DefaultSingletonBeanRegistry.getSingleton(DefaultSingletonBeanRegistry.java:225) - Creating shared instance of singleton bean 'org.springframework.format.support.FormattingConversionServiceFactoryBean#0'
[20240117 23:51:20] DEBUG DefaultSingletonBeanRegistry.getSingleton(DefaultSingletonBeanRegistry.java:225) - Creating shared instance of singleton bean 'org.springframework.web.servlet.handler.MappedInterceptor#1'
[20240117 23:51:20] DEBUG AbstractHandlerMethodMapping.handlerMethodsInitialized(AbstractHandlerMethodMapping.java:367) - 14 mappings in 'org.springframework.web.servlet.mvc.method.annotation.RequestMappingHandlerMapping'
[20240117 23:51:20] DEBUG DefaultSingletonBeanRegistry.getSingleton(DefaultSingletonBeanRegistry.java:225) - Creating shared instance of singleton bean 'org.springframework.web.servlet.mvc.method.annotation.RequestMappingHandlerAdapter'
[20240117 23:51:20] DEBUG RequestMappingHandlerAdapter.initControllerAdviceCache(RequestMappingHandlerAdapter.java:625) - ControllerAdvice beans: 0 @ModelAttribute, 0 @InitBinder, 1 RequestBodyAdvice, 1 ResponseBodyAdvice
[20240117 23:51:20] DEBUG DefaultSingletonBeanRegistry.getSingleton(DefaultSingletonBeanRegistry.java:225) - Creating shared instance of singleton bean 'mvcUriComponentsContributor'
[20240117 23:51:20] DEBUG RequestMappingHandlerAdapter.initControllerAdviceCache(RequestMappingHandlerAdapter.java:625) - ControllerAdvice beans: 0 @ModelAttribute, 0 @InitBinder, 1 RequestBodyAdvice, 1 ResponseBodyAdvice
[20240117 23:51:20] DEBUG DefaultSingletonBeanRegistry.getSingleton(DefaultSingletonBeanRegistry.java:225) - Creating shared instance of singleton bean 'org.springframework.web.servlet.mvc.method.annotation.ExceptionHandlerExceptionResolver#0'
[20240117 23:51:20] DEBUG ExceptionHandlerExceptionResolver.initExceptionHandlerAdviceCache(ExceptionHandlerExceptionResolver.java:307) - ControllerAdvice beans: 0 @ExceptionHandler, 1 ResponseBodyAdvice
[20240117 23:51:20] DEBUG DefaultSingletonBeanRegistry.getSingleton(DefaultSingletonBeanRegistry.java:225) - Creating shared instance of singleton bean 'org.springframework.web.servlet.mvc.annotation.ResponseStatusExceptionResolver#0'
[20240117 23:51:20] DEBUG DefaultSingletonBeanRegistry.getSingleton(DefaultSingletonBeanRegistry.java:225) - Creating shared instance of singleton bean 'org.springframework.web.servlet.mvc.support.DefaultHandlerExceptionResolver#0'
[20240117 23:51:20] DEBUG DefaultSingletonBeanRegistry.getSingleton(DefaultSingletonBeanRegistry.java:225) - Creating shared instance of singleton bean 'org.springframework.web.servlet.handler.BeanNameUrlHandlerMapping'
[20240117 23:51:20] DEBUG AbstractDetectingUrlHandlerMapping.detectHandlers(AbstractDetectingUrlHandlerMapping.java:86) - 'org.springframework.web.servlet.handler.BeanNameUrlHandlerMapping' {}
[20240117 23:51:20] DEBUG DefaultSingletonBeanRegistry.getSingleton(DefaultSingletonBeanRegistry.java:225) - Creating shared instance of singleton bean 'org.springframework.web.servlet.mvc.HttpRequestHandlerAdapter'
[20240117 23:51:20] DEBUG DefaultSingletonBeanRegistry.getSingleton(DefaultSingletonBeanRegistry.java:225) - Creating shared instance of singleton bean 'org.springframework.web.servlet.mvc.SimpleControllerHandlerAdapter'
[20240117 23:51:20] DEBUG DefaultSingletonBeanRegistry.getSingleton(DefaultSingletonBeanRegistry.java:225) - Creating shared instance of singleton bean 'localeResolver'
[20240117 23:51:20] DEBUG DefaultSingletonBeanRegistry.getSingleton(DefaultSingletonBeanRegistry.java:225) - Creating shared instance of singleton bean 'themeResolver'
[20240117 23:51:20] DEBUG DefaultSingletonBeanRegistry.getSingleton(DefaultSingletonBeanRegistry.java:225) - Creating shared instance of singleton bean 'viewNameTranslator'
[20240117 23:51:20] DEBUG DefaultSingletonBeanRegistry.getSingleton(DefaultSingletonBeanRegistry.java:225) - Creating shared instance of singleton bean 'flashMapManager'
[20240117 23:51:20] DEBUG DefaultSingletonBeanRegistry.getSingleton(DefaultSingletonBeanRegistry.java:225) - Creating shared instance of singleton bean 'mvcResourceUrlProvider'
[20240117 23:51:20] DEBUG DefaultSingletonBeanRegistry.getSingleton(DefaultSingletonBeanRegistry.java:225) - Creating shared instance of singleton bean 'mvcPathMatcher'
[20240117 23:51:20] DEBUG DefaultSingletonBeanRegistry.getSingleton(DefaultSingletonBeanRegistry.java:225) - Creating shared instance of singleton bean 'mvcUrlPathHelper'
[20240117 23:51:20] DEBUG DefaultSingletonBeanRegistry.getSingleton(DefaultSingletonBeanRegistry.java:225) - Creating shared instance of singleton bean 'org.springframework.web.servlet.resource.ResourceHttpRequestHandler#0'
[20240117 23:51:20] DEBUG DefaultSingletonBeanRegistry.getSingleton(DefaultSingletonBeanRegistry.java:225) - Creating shared instance of singleton bean 'org.springframework.web.servlet.handler.SimpleUrlHandlerMapping#0'
[20240117 23:51:20] DEBUG SimpleUrlHandlerMapping.logMappings(SimpleUrlHandlerMapping.java:177) - 'org.springframework.web.servlet.handler.SimpleUrlHandlerMapping#0' {/resources/**=ResourceHttpRequestHandler [ServletContext [/resources/]]}
[20240117 23:51:20] DEBUG DefaultSingletonBeanRegistry.getSingleton(DefaultSingletonBeanRegistry.java:225) - Creating shared instance of singleton bean 'org.springframework.web.servlet.view.InternalResourceViewResolver#0'
[20240117 23:51:20] DEBUG DefaultSingletonBeanRegistry.getSingleton(DefaultSingletonBeanRegistry.java:225) - Creating shared instance of singleton bean 'boardDaoImpl'
[20240117 23:51:20] DEBUG DefaultSingletonBeanRegistry.getSingleton(DefaultSingletonBeanRegistry.java:225) - Creating shared instance of singleton bean 'codeDaoImpl'
[20240117 23:51:20] DEBUG DefaultSingletonBeanRegistry.getSingleton(DefaultSingletonBeanRegistry.java:225) - Creating shared instance of singleton bean 'codeServiceImpl'
[20240117 23:51:20] DEBUG CodeServiceImpl.<init>(CodeServiceImpl.java:21) - ┌───────────────────────────────────┐
[20240117 23:51:20] DEBUG CodeServiceImpl.<init>(CodeServiceImpl.java:22) - │ CodeServiceImpl()                 │
[20240117 23:51:20] DEBUG CodeServiceImpl.<init>(CodeServiceImpl.java:23) - └───────────────────────────────────┘
[20240117 23:51:20] DEBUG DefaultSingletonBeanRegistry.getSingleton(DefaultSingletonBeanRegistry.java:225) - Creating shared instance of singleton bean 'attachFileController'
[20240117 23:51:20] DEBUG AttachFileController.<init>(AttachFileController.java:51) - ┌───────────────────────────────────────────┐
[20240117 23:51:20] DEBUG AttachFileController.<init>(AttachFileController.java:52) - │ FileController                            │
[20240117 23:51:20] DEBUG AttachFileController.<init>(AttachFileController.java:53) - └───────────────────────────────────────────┘
[20240117 23:51:20] DEBUG AttachFileController.<init>(AttachFileController.java:74) - yyyyStr:2024
[20240117 23:51:20] DEBUG AttachFileController.<init>(AttachFileController.java:75) - yyyyStr:01
[20240117 23:51:20] DEBUG AttachFileController.<init>(AttachFileController.java:79) - yyyyMMPath:\2024\01
[20240117 23:51:20] DEBUG DefaultSingletonBeanRegistry.getSingleton(DefaultSingletonBeanRegistry.java:225) - Creating shared instance of singleton bean 'attachFileServiceImpl'
[20240117 23:51:20] DEBUG DefaultSingletonBeanRegistry.getSingleton(DefaultSingletonBeanRegistry.java:225) - Creating shared instance of singleton bean 'attachFileDaoImpl'
[20240117 23:51:20] DEBUG DefaultSingletonBeanRegistry.getSingleton(DefaultSingletonBeanRegistry.java:225) - Creating shared instance of singleton bean 'mainController'
[20240117 23:51:20] DEBUG DefaultSingletonBeanRegistry.getSingleton(DefaultSingletonBeanRegistry.java:225) - Creating shared instance of singleton bean 'userController'
[20240117 23:51:20] DEBUG DefaultSingletonBeanRegistry.getSingleton(DefaultSingletonBeanRegistry.java:225) - Creating shared instance of singleton bean 'userServiceImpl'
[20240117 23:51:20] WARN  AbstractApplicationContext.refresh(AbstractApplicationContext.java:599) - Exception encountered during context initialization - cancelling refresh attempt: org.springframework.beans.factory.UnsatisfiedDependencyException: Error creating bean with name 'userController': Unsatisfied dependency expressed through field 'userService'; nested exception is org.springframework.beans.factory.BeanCreationException: Error creating bean with name 'userServiceImpl': Injection of resource dependencies failed; nested exception is org.springframework.beans.factory.NoSuchBeanDefinitionException: No bean named 'dummyMailSender' available
[20240117 23:51:20] ERROR TestContextManager.prepareTestInstance(TestContextManager.java:252) - Caught exception while allowing TestExecutionListener [org.springframework.test.context.web.ServletTestExecutionListener@7a675056] to prepare test instance [com.pcwk.ehr.UserControllerTest@46866946]
java.lang.IllegalStateException: Failed to load ApplicationContext
	at org.springframework.test.context.cache.DefaultCacheAwareContextLoaderDelegate.loadContext(DefaultCacheAwareContextLoaderDelegate.java:98) ~[spring-test-5.3.31.jar:5.3.31]
	at org.springframework.test.context.support.DefaultTestContext.getApplicationContext(DefaultTestContext.java:124) ~[spring-test-5.3.31.jar:5.3.31]
	at org.springframework.test.context.web.ServletTestExecutionListener.setUpRequestContextIfNecessary(ServletTestExecutionListener.java:190) ~[spring-test-5.3.31.jar:5.3.31]
	at org.springframework.test.context.web.ServletTestExecutionListener.prepareTestInstance(ServletTestExecutionListener.java:132) ~[spring-test-5.3.31.jar:5.3.31]
	at org.springframework.test.context.TestContextManager.prepareTestInstance(TestContextManager.java:248) ~[spring-test-5.3.31.jar:5.3.31]
	at org.springframework.test.context.junit4.SpringJUnit4ClassRunner.createTest(SpringJUnit4ClassRunner.java:227) ~[spring-test-5.3.31.jar:5.3.31]
	at org.springframework.test.context.junit4.SpringJUnit4ClassRunner$1.runReflectiveCall(SpringJUnit4ClassRunner.java:289) ~[spring-test-5.3.31.jar:5.3.31]
	at org.junit.internal.runners.model.ReflectiveCallable.run(ReflectiveCallable.java:12) ~[junit-4.13.1.jar:4.13.1]
	at org.springframework.test.context.junit4.SpringJUnit4ClassRunner.methodBlock(SpringJUnit4ClassRunner.java:291) ~[spring-test-5.3.31.jar:5.3.31]
	at org.springframework.test.context.junit4.SpringJUnit4ClassRunner.runChild(SpringJUnit4ClassRunner.java:246) ~[spring-test-5.3.31.jar:5.3.31]
	at org.springframework.test.context.junit4.SpringJUnit4ClassRunner.runChild(SpringJUnit4ClassRunner.java:97) ~[spring-test-5.3.31.jar:5.3.31]
	at org.junit.runners.ParentRunner$4.run(ParentRunner.java:331) ~[junit-4.13.1.jar:4.13.1]
	at org.junit.runners.ParentRunner$1.schedule(ParentRunner.java:79) ~[junit-4.13.1.jar:4.13.1]
	at org.junit.runners.ParentRunner.runChildren(ParentRunner.java:329) ~[junit-4.13.1.jar:4.13.1]
	at org.junit.runners.ParentRunner.access$100(ParentRunner.java:66) ~[junit-4.13.1.jar:4.13.1]
	at org.junit.runners.ParentRunner$2.evaluate(ParentRunner.java:293) ~[junit-4.13.1.jar:4.13.1]
	at org.springframework.test.context.junit4.statements.RunBeforeTestClassCallbacks.evaluate(RunBeforeTestClassCallbacks.java:61) ~[spring-test-5.3.31.jar:5.3.31]
	at org.springframework.test.context.junit4.statements.RunAfterTestClassCallbacks.evaluate(RunAfterTestClassCallbacks.java:70) ~[spring-test-5.3.31.jar:5.3.31]
	at org.junit.runners.ParentRunner$3.evaluate(ParentRunner.java:306) ~[junit-4.13.1.jar:4.13.1]
	at org.junit.runners.ParentRunner.run(ParentRunner.java:413) ~[junit-4.13.1.jar:4.13.1]
	at org.springframework.test.context.junit4.SpringJUnit4ClassRunner.run(SpringJUnit4ClassRunner.java:190) ~[spring-test-5.3.31.jar:5.3.31]
	at org.eclipse.jdt.internal.junit4.runner.JUnit4TestReference.run(JUnit4TestReference.java:89) ~[.cp/:?]
	at org.eclipse.jdt.internal.junit.runner.TestExecution.run(TestExecution.java:41) ~[.cp/:?]
	at org.eclipse.jdt.internal.junit.runner.RemoteTestRunner.runTests(RemoteTestRunner.java:542) ~[.cp/:?]
	at org.eclipse.jdt.internal.junit.runner.RemoteTestRunner.runTests(RemoteTestRunner.java:770) ~[.cp/:?]
	at org.eclipse.jdt.internal.junit.runner.RemoteTestRunner.run(RemoteTestRunner.java:464) ~[.cp/:?]
	at org.eclipse.jdt.internal.junit.runner.RemoteTestRunner.main(RemoteTestRunner.java:210) ~[.cp/:?]
Caused by: org.springframework.beans.factory.UnsatisfiedDependencyException: Error creating bean with name 'userController': Unsatisfied dependency expressed through field 'userService'; nested exception is org.springframework.beans.factory.BeanCreationException: Error creating bean with name 'userServiceImpl': Injection of resource dependencies failed; nested exception is org.springframework.beans.factory.NoSuchBeanDefinitionException: No bean named 'dummyMailSender' available
	at org.springframework.beans.factory.annotation.AutowiredAnnotationBeanPostProcessor$AutowiredFieldElement.resolveFieldValue(AutowiredAnnotationBeanPostProcessor.java:713) ~[spring-beans-5.3.31.jar:5.3.31]
	at org.springframework.beans.factory.annotation.AutowiredAnnotationBeanPostProcessor$AutowiredFieldElement.inject(AutowiredAnnotationBeanPostProcessor.java:693) ~[spring-beans-5.3.31.jar:5.3.31]
	at org.springframework.beans.factory.annotation.InjectionMetadata.inject(InjectionMetadata.java:119) ~[spring-beans-5.3.31.jar:5.3.31]
	at org.springframework.beans.factory.annotation.AutowiredAnnotationBeanPostProcessor.postProcessProperties(AutowiredAnnotationBeanPostProcessor.java:408) ~[spring-beans-5.3.31.jar:5.3.31]
	at org.springframework.beans.factory.support.AbstractAutowireCapableBeanFactory.populateBean(AbstractAutowireCapableBeanFactory.java:1431) ~[spring-beans-5.3.31.jar:5.3.31]
	at org.springframework.beans.factory.support.AbstractAutowireCapableBeanFactory.doCreateBean(AbstractAutowireCapableBeanFactory.java:619) ~[spring-beans-5.3.31.jar:5.3.31]
	at org.springframework.beans.factory.support.AbstractAutowireCapableBeanFactory.createBean(AbstractAutowireCapableBeanFactory.java:542) ~[spring-beans-5.3.31.jar:5.3.31]
	at org.springframework.beans.factory.support.AbstractBeanFactory.lambda$doGetBean$0(AbstractBeanFactory.java:335) ~[spring-beans-5.3.31.jar:5.3.31]
	at org.springframework.beans.factory.support.DefaultSingletonBeanRegistry.getSingleton(DefaultSingletonBeanRegistry.java:234) ~[spring-beans-5.3.31.jar:5.3.31]
	at org.springframework.beans.factory.support.AbstractBeanFactory.doGetBean(AbstractBeanFactory.java:333) ~[spring-beans-5.3.31.jar:5.3.31]
	at org.springframework.beans.factory.support.AbstractBeanFactory.getBean(AbstractBeanFactory.java:208) ~[spring-beans-5.3.31.jar:5.3.31]
	at org.springframework.beans.factory.support.DefaultListableBeanFactory.preInstantiateSingletons(DefaultListableBeanFactory.java:955) ~[spring-beans-5.3.31.jar:5.3.31]
	at org.springframework.context.support.AbstractApplicationContext.finishBeanFactoryInitialization(AbstractApplicationContext.java:929) ~[spring-context-5.3.31.jar:5.3.31]
	at org.springframework.context.support.AbstractApplicationContext.refresh(AbstractApplicationContext.java:591) ~[spring-context-5.3.31.jar:5.3.31]
	at org.springframework.test.context.web.AbstractGenericWebContextLoader.loadContext(AbstractGenericWebContextLoader.java:129) ~[spring-test-5.3.31.jar:5.3.31]
	at org.springframework.test.context.web.AbstractGenericWebContextLoader.loadContext(AbstractGenericWebContextLoader.java:61) ~[spring-test-5.3.31.jar:5.3.31]
	at org.springframework.test.context.support.AbstractDelegatingSmartContextLoader.delegateLoading(AbstractDelegatingSmartContextLoader.java:276) ~[spring-test-5.3.31.jar:5.3.31]
	at org.springframework.test.context.support.AbstractDelegatingSmartContextLoader.loadContext(AbstractDelegatingSmartContextLoader.java:244) ~[spring-test-5.3.31.jar:5.3.31]
	at org.springframework.test.context.cache.DefaultCacheAwareContextLoaderDelegate.loadContextInternal(DefaultCacheAwareContextLoaderDelegate.java:141) ~[spring-test-5.3.31.jar:5.3.31]
	at org.springframework.test.context.cache.DefaultCacheAwareContextLoaderDelegate.loadContext(DefaultCacheAwareContextLoaderDelegate.java:90) ~[spring-test-5.3.31.jar:5.3.31]
	... 26 more
Caused by: org.springframework.beans.factory.BeanCreationException: Error creating bean with name 'userServiceImpl': Injection of resource dependencies failed; nested exception is org.springframework.beans.factory.NoSuchBeanDefinitionException: No bean named 'dummyMailSender' available
	at org.springframework.context.annotation.CommonAnnotationBeanPostProcessor.postProcessProperties(CommonAnnotationBeanPostProcessor.java:332) ~[spring-context-5.3.31.jar:5.3.31]
	at org.springframework.beans.factory.support.AbstractAutowireCapableBeanFactory.populateBean(AbstractAutowireCapableBeanFactory.java:1431) ~[spring-beans-5.3.31.jar:5.3.31]
	at org.springframework.beans.factory.support.AbstractAutowireCapableBeanFactory.doCreateBean(AbstractAutowireCapableBeanFactory.java:619) ~[spring-beans-5.3.31.jar:5.3.31]
	at org.springframework.beans.factory.support.AbstractAutowireCapableBeanFactory.createBean(AbstractAutowireCapableBeanFactory.java:542) ~[spring-beans-5.3.31.jar:5.3.31]
	at org.springframework.beans.factory.support.AbstractBeanFactory.lambda$doGetBean$0(AbstractBeanFactory.java:335) ~[spring-beans-5.3.31.jar:5.3.31]
	at org.springframework.beans.factory.support.DefaultSingletonBeanRegistry.getSingleton(DefaultSingletonBeanRegistry.java:234) ~[spring-beans-5.3.31.jar:5.3.31]
	at org.springframework.beans.factory.support.AbstractBeanFactory.doGetBean(AbstractBeanFactory.java:333) ~[spring-beans-5.3.31.jar:5.3.31]
	at org.springframework.beans.factory.support.AbstractBeanFactory.getBean(AbstractBeanFactory.java:208) ~[spring-beans-5.3.31.jar:5.3.31]
	at org.springframework.beans.factory.config.DependencyDescriptor.resolveCandidate(DependencyDescriptor.java:276) ~[spring-beans-5.3.31.jar:5.3.31]
	at org.springframework.beans.factory.support.DefaultListableBeanFactory.doResolveDependency(DefaultListableBeanFactory.java:1391) ~[spring-beans-5.3.31.jar:5.3.31]
	at org.springframework.beans.factory.support.DefaultListableBeanFactory.resolveDependency(DefaultListableBeanFactory.java:1311) ~[spring-beans-5.3.31.jar:5.3.31]
	at org.springframework.beans.factory.annotation.AutowiredAnnotationBeanPostProcessor$AutowiredFieldElement.resolveFieldValue(AutowiredAnnotationBeanPostProcessor.java:710) ~[spring-beans-5.3.31.jar:5.3.31]
	at org.springframework.beans.factory.annotation.AutowiredAnnotationBeanPostProcessor$AutowiredFieldElement.inject(AutowiredAnnotationBeanPostProcessor.java:693) ~[spring-beans-5.3.31.jar:5.3.31]
	at org.springframework.beans.factory.annotation.InjectionMetadata.inject(InjectionMetadata.java:119) ~[spring-beans-5.3.31.jar:5.3.31]
	at org.springframework.beans.factory.annotation.AutowiredAnnotationBeanPostProcessor.postProcessProperties(AutowiredAnnotationBeanPostProcessor.java:408) ~[spring-beans-5.3.31.jar:5.3.31]
	at org.springframework.beans.factory.support.AbstractAutowireCapableBeanFactory.populateBean(AbstractAutowireCapableBeanFactory.java:1431) ~[spring-beans-5.3.31.jar:5.3.31]
	at org.springframework.beans.factory.support.AbstractAutowireCapableBeanFactory.doCreateBean(AbstractAutowireCapableBeanFactory.java:619) ~[spring-beans-5.3.31.jar:5.3.31]
	at org.springframework.beans.factory.support.AbstractAutowireCapableBeanFactory.createBean(AbstractAutowireCapableBeanFactory.java:542) ~[spring-beans-5.3.31.jar:5.3.31]
	at org.springframework.beans.factory.support.AbstractBeanFactory.lambda$doGetBean$0(AbstractBeanFactory.java:335) ~[spring-beans-5.3.31.jar:5.3.31]
	at org.springframework.beans.factory.support.DefaultSingletonBeanRegistry.getSingleton(DefaultSingletonBeanRegistry.java:234) ~[spring-beans-5.3.31.jar:5.3.31]
	at org.springframework.beans.factory.support.AbstractBeanFactory.doGetBean(AbstractBeanFactory.java:333) ~[spring-beans-5.3.31.jar:5.3.31]
	at org.springframework.beans.factory.support.AbstractBeanFactory.getBean(AbstractBeanFactory.java:208) ~[spring-beans-5.3.31.jar:5.3.31]
	at org.springframework.beans.factory.support.DefaultListableBeanFactory.preInstantiateSingletons(DefaultListableBeanFactory.java:955) ~[spring-beans-5.3.31.jar:5.3.31]
	at org.springframework.context.support.AbstractApplicationContext.finishBeanFactoryInitialization(AbstractApplicationContext.java:929) ~[spring-context-5.3.31.jar:5.3.31]
	at org.springframework.context.support.AbstractApplicationContext.refresh(AbstractApplicationContext.java:591) ~[spring-context-5.3.31.jar:5.3.31]
	at org.springframework.test.context.web.AbstractGenericWebContextLoader.loadContext(AbstractGenericWebContextLoader.java:129) ~[spring-test-5.3.31.jar:5.3.31]
	at org.springframework.test.context.web.AbstractGenericWebContextLoader.loadContext(AbstractGenericWebContextLoader.java:61) ~[spring-test-5.3.31.jar:5.3.31]
	at org.springframework.test.context.support.AbstractDelegatingSmartContextLoader.delegateLoading(AbstractDelegatingSmartContextLoader.java:276) ~[spring-test-5.3.31.jar:5.3.31]
	at org.springframework.test.context.support.AbstractDelegatingSmartContextLoader.loadContext(AbstractDelegatingSmartContextLoader.java:244) ~[spring-test-5.3.31.jar:5.3.31]
	at org.springframework.test.context.cache.DefaultCacheAwareContextLoaderDelegate.loadContextInternal(DefaultCacheAwareContextLoaderDelegate.java:141) ~[spring-test-5.3.31.jar:5.3.31]
	at org.springframework.test.context.cache.DefaultCacheAwareContextLoaderDelegate.loadContext(DefaultCacheAwareContextLoaderDelegate.java:90) ~[spring-test-5.3.31.jar:5.3.31]
	... 26 more
Caused by: org.springframework.beans.factory.NoSuchBeanDefinitionException: No bean named 'dummyMailSender' available
	at org.springframework.beans.factory.support.DefaultListableBeanFactory.getBeanDefinition(DefaultListableBeanFactory.java:874) ~[spring-beans-5.3.31.jar:5.3.31]
	at org.springframework.beans.factory.support.AbstractBeanFactory.getMergedLocalBeanDefinition(AbstractBeanFactory.java:1358) ~[spring-beans-5.3.31.jar:5.3.31]
	at org.springframework.beans.factory.support.AbstractBeanFactory.doGetBean(AbstractBeanFactory.java:309) ~[spring-beans-5.3.31.jar:5.3.31]
	at org.springframework.beans.factory.support.AbstractBeanFactory.getBean(AbstractBeanFactory.java:213) ~[spring-beans-5.3.31.jar:5.3.31]
	at org.springframework.beans.factory.support.AbstractAutowireCapableBeanFactory.resolveBeanByName(AbstractAutowireCapableBeanFactory.java:479) ~[spring-beans-5.3.31.jar:5.3.31]
	at org.springframework.context.annotation.CommonAnnotationBeanPostProcessor.autowireResource(CommonAnnotationBeanPostProcessor.java:550) ~[spring-context-5.3.31.jar:5.3.31]
	at org.springframework.context.annotation.CommonAnnotationBeanPostProcessor.getResource(CommonAnnotationBeanPostProcessor.java:520) ~[spring-context-5.3.31.jar:5.3.31]
	at org.springframework.context.annotation.CommonAnnotationBeanPostProcessor$ResourceElement.getResourceToInject(CommonAnnotationBeanPostProcessor.java:673) ~[spring-context-5.3.31.jar:5.3.31]
	at org.springframework.beans.factory.annotation.InjectionMetadata$InjectedElement.inject(InjectionMetadata.java:228) ~[spring-beans-5.3.31.jar:5.3.31]
	at org.springframework.beans.factory.annotation.InjectionMetadata.inject(InjectionMetadata.java:119) ~[spring-beans-5.3.31.jar:5.3.31]
	at org.springframework.context.annotation.CommonAnnotationBeanPostProcessor.postProcessProperties(CommonAnnotationBeanPostProcessor.java:329) ~[spring-context-5.3.31.jar:5.3.31]
	at org.springframework.beans.factory.support.AbstractAutowireCapableBeanFactory.populateBean(AbstractAutowireCapableBeanFactory.java:1431) ~[spring-beans-5.3.31.jar:5.3.31]
	at org.springframework.beans.factory.support.AbstractAutowireCapableBeanFactory.doCreateBean(AbstractAutowireCapableBeanFactory.java:619) ~[spring-beans-5.3.31.jar:5.3.31]
	at org.springframework.beans.factory.support.AbstractAutowireCapableBeanFactory.createBean(AbstractAutowireCapableBeanFactory.java:542) ~[spring-beans-5.3.31.jar:5.3.31]
	at org.springframework.beans.factory.support.AbstractBeanFactory.lambda$doGetBean$0(AbstractBeanFactory.java:335) ~[spring-beans-5.3.31.jar:5.3.31]
	at org.springframework.beans.factory.support.DefaultSingletonBeanRegistry.getSingleton(DefaultSingletonBeanRegistry.java:234) ~[spring-beans-5.3.31.jar:5.3.31]
	at org.springframework.beans.factory.support.AbstractBeanFactory.doGetBean(AbstractBeanFactory.java:333) ~[spring-beans-5.3.31.jar:5.3.31]
	at org.springframework.beans.factory.support.AbstractBeanFactory.getBean(AbstractBeanFactory.java:208) ~[spring-beans-5.3.31.jar:5.3.31]
	at org.springframework.beans.factory.config.DependencyDescriptor.resolveCandidate(DependencyDescriptor.java:276) ~[spring-beans-5.3.31.jar:5.3.31]
	at org.springframework.beans.factory.support.DefaultListableBeanFactory.doResolveDependency(DefaultListableBeanFactory.java:1391) ~[spring-beans-5.3.31.jar:5.3.31]
	at org.springframework.beans.factory.support.DefaultListableBeanFactory.resolveDependency(DefaultListableBeanFactory.java:1311) ~[spring-beans-5.3.31.jar:5.3.31]
	at org.springframework.beans.factory.annotation.AutowiredAnnotationBeanPostProcessor$AutowiredFieldElement.resolveFieldValue(AutowiredAnnotationBeanPostProcessor.java:710) ~[spring-beans-5.3.31.jar:5.3.31]
	at org.springframework.beans.factory.annotation.AutowiredAnnotationBeanPostProcessor$AutowiredFieldElement.inject(AutowiredAnnotationBeanPostProcessor.java:693) ~[spring-beans-5.3.31.jar:5.3.31]
	at org.springframework.beans.factory.annotation.InjectionMetadata.inject(InjectionMetadata.java:119) ~[spring-beans-5.3.31.jar:5.3.31]
	at org.springframework.beans.factory.annotation.AutowiredAnnotationBeanPostProcessor.postProcessProperties(AutowiredAnnotationBeanPostProcessor.java:408) ~[spring-beans-5.3.31.jar:5.3.31]
	at org.springframework.beans.factory.support.AbstractAutowireCapableBeanFactory.populateBean(AbstractAutowireCapableBeanFactory.java:1431) ~[spring-beans-5.3.31.jar:5.3.31]
	at org.springframework.beans.factory.support.AbstractAutowireCapableBeanFactory.doCreateBean(AbstractAutowireCapableBeanFactory.java:619) ~[spring-beans-5.3.31.jar:5.3.31]
	at org.springframework.beans.factory.support.AbstractAutowireCapableBeanFactory.createBean(AbstractAutowireCapableBeanFactory.java:542) ~[spring-beans-5.3.31.jar:5.3.31]
	at org.springframework.beans.factory.support.AbstractBeanFactory.lambda$doGetBean$0(AbstractBeanFactory.java:335) ~[spring-beans-5.3.31.jar:5.3.31]
	at org.springframework.beans.factory.support.DefaultSingletonBeanRegistry.getSingleton(DefaultSingletonBeanRegistry.java:234) ~[spring-beans-5.3.31.jar:5.3.31]
	at org.springframework.beans.factory.support.AbstractBeanFactory.doGetBean(AbstractBeanFactory.java:333) ~[spring-beans-5.3.31.jar:5.3.31]
	at org.springframework.beans.factory.support.AbstractBeanFactory.getBean(AbstractBeanFactory.java:208) ~[spring-beans-5.3.31.jar:5.3.31]
	at org.springframework.beans.factory.support.DefaultListableBeanFactory.preInstantiateSingletons(DefaultListableBeanFactory.java:955) ~[spring-beans-5.3.31.jar:5.3.31]
	at org.springframework.context.support.AbstractApplicationContext.finishBeanFactoryInitialization(AbstractApplicationContext.java:929) ~[spring-context-5.3.31.jar:5.3.31]
	at org.springframework.context.support.AbstractApplicationContext.refresh(AbstractApplicationContext.java:591) ~[spring-context-5.3.31.jar:5.3.31]
	at org.springframework.test.context.web.AbstractGenericWebContextLoader.loadContext(AbstractGenericWebContextLoader.java:129) ~[spring-test-5.3.31.jar:5.3.31]
	at org.springframework.test.context.web.AbstractGenericWebContextLoader.loadContext(AbstractGenericWebContextLoader.java:61) ~[spring-test-5.3.31.jar:5.3.31]
	at org.springframework.test.context.support.AbstractDelegatingSmartContextLoader.delegateLoading(AbstractDelegatingSmartContextLoader.java:276) ~[spring-test-5.3.31.jar:5.3.31]
	at org.springframework.test.context.support.AbstractDelegatingSmartContextLoader.loadContext(AbstractDelegatingSmartContextLoader.java:244) ~[spring-test-5.3.31.jar:5.3.31]
	at org.springframework.test.context.cache.DefaultCacheAwareContextLoaderDelegate.loadContextInternal(DefaultCacheAwareContextLoaderDelegate.java:141) ~[spring-test-5.3.31.jar:5.3.31]
	at org.springframework.test.context.cache.DefaultCacheAwareContextLoaderDelegate.loadContext(DefaultCacheAwareContextLoaderDelegate.java:90) ~[spring-test-5.3.31.jar:5.3.31]
	... 26 more
[20240117 23:51:20] DEBUG AbstractDirtiesContextTestExecutionListener.beforeOrAfterTestClass(AbstractDirtiesContextTestExecutionListener.java:143) - After test class: context [DefaultTestContext@574b560f testClass = UserControllerTest, testInstance = [null], testMethod = [null], testException = [null], mergedContextConfiguration = [WebMergedContextConfiguration@ba54932 testClass = UserControllerTest, locations = '{file:src/main/webapp/WEB-INF/spring/root-context.xml, file:src/main/webapp/WEB-INF/spring/appServlet/servlet-context.xml}', classes = '{}', contextInitializerClasses = '[]', activeProfiles = '{}', propertySourceLocations = '{}', propertySourceProperties = '{}', contextCustomizers = set[[empty]], resourceBasePath = 'src/main/webapp', contextLoader = 'org.springframework.test.context.web.WebDelegatingSmartContextLoader', parent = [null]], attributes = map[[empty]]], class annotated with @DirtiesContext [false] with mode [null].
